********* Running stringBandwidthTest *********
SwitchCount	TDF	CPU	iperf Results
RTT Avg = 5.518 ms
Connecting to host 10.0.0.2, port 5201
[  4] local 10.0.0.1 port 37019 connected to 10.0.0.2 port 5201
[ ID] Interval           Transfer     Bandwidth       Retr  Cwnd
[  4]   0.00-1.00   sec   101 MBytes   849 Mbits/sec    0   1.21 MBytes       
[  4]   1.00-2.00   sec   242 MBytes  2034 Mbits/sec   32   2.69 MBytes       
[  4]   2.00-3.00   sec   244 MBytes  2045 Mbits/sec    0   2.70 MBytes       
[  4]   3.00-4.00   sec   262 MBytes  2202 Mbits/sec    0   2.70 MBytes       
[  4]   4.00-5.00   sec   248 MBytes  2076 Mbits/sec    0   2.71 MBytes       
[  4]   5.00-6.00   sec   244 MBytes  2045 Mbits/sec    0   2.74 MBytes       
[  4]   6.00-7.00   sec   282 MBytes  2370 Mbits/sec    0   2.78 MBytes       
[  4]   7.00-8.00   sec   279 MBytes  2338 Mbits/sec    0   2.84 MBytes       
[  4]   8.00-9.00   sec   214 MBytes  1793 Mbits/sec    0   2.92 MBytes       
[  4]   9.00-10.00  sec   235 MBytes  1971 Mbits/sec    0   3.02 MBytes       
[  4]  10.00-11.00  sec   240 MBytes  2013 Mbits/sec    0   3.16 MBytes       
[  4]  11.00-12.00  sec   252 MBytes  2118 Mbits/sec    0   3.32 MBytes       
[  4]  12.00-13.00  sec   264 MBytes  2212 Mbits/sec    0   3.52 MBytes       
[  4]  13.00-14.00  sec   260 MBytes  2181 Mbits/sec    0   3.76 MBytes       
[  4]  14.00-15.00  sec   268 MBytes  2244 Mbits/sec    0   4.04 MBytes       
[  4]  15.00-16.00  sec   294 MBytes  2464 Mbits/sec    0   4.10 MBytes       
[  4]  16.00-17.00  sec   326 MBytes  2737 Mbits/sec    0   4.11 MBytes       
[  4]  17.00-18.00  sec   325 MBytes  2726 Mbits/sec    0   4.12 MBytes       
[  4]  18.00-19.00  sec   329 MBytes  2758 Mbits/sec   45   4.12 MBytes       
[  4]  19.00-20.00  sec   322 MBytes  2705 Mbits/sec   85   4.12 MBytes       
[  4]  20.00-21.00  sec   272 MBytes  2286 Mbits/sec    0   4.13 MBytes       
[  4]  21.00-22.00  sec   272 MBytes  2286 Mbits/sec    0   4.14 MBytes       
[  4]  22.00-23.00  sec   352 MBytes  2957 Mbits/sec    0   4.16 MBytes       
[  4]  23.00-24.00  sec   349 MBytes  2926 Mbits/sec   32   4.19 MBytes       
[  4]  24.00-25.00  sec   371 MBytes  3114 Mbits/sec    0   4.19 MBytes       
[  4]  25.00-26.00  sec   425 MBytes  3564 Mbits/sec    0   4.19 MBytes       
[  4]  26.00-27.00  sec   378 MBytes  3167 Mbits/sec    0   4.20 MBytes       
[  4]  27.00-28.00  sec   370 MBytes  3104 Mbits/sec    0   4.23 MBytes       
[  4]  28.00-29.00  sec   324 MBytes  2716 Mbits/sec    0   4.26 MBytes       
[  4]  29.00-30.00  sec   340 MBytes  2852 Mbits/sec    0   4.32 MBytes       
[  4]  30.00-31.00  sec   361 MBytes  3030 Mbits/sec    0   4.39 MBytes       
[  4]  31.00-32.00  sec   455 MBytes  3817 Mbits/sec    0   4.49 MBytes       
[  4]  32.00-32.83  sec   519 MBytes  5217 Mbits/sec    0   4.60 MBytes       
[  4]  32.83-34.00  sec   654 MBytes  4704 Mbits/sec    0   4.78 MBytes       
[  4]  34.00-34.89  sec   566 MBytes  5320 Mbits/sec    0   4.95 MBytes       
[  4]  34.89-36.00  sec   669 MBytes  5067 Mbits/sec    0   5.20 MBytes       
[  4]  36.00-37.00  sec   602 MBytes  5054 Mbits/sec    0   5.47 MBytes       
[  4]  37.00-37.71  sec   361 MBytes  4272 Mbits/sec    0   5.69 MBytes       
[  4]  37.71-39.00  sec  1.17 GBytes  7769 Mbits/sec    0   6.18 MBytes       
[  4]  39.00-39.82  sec   620 MBytes  6323 Mbits/sec    0   6.57 MBytes       
[  4]  39.82-40.80  sec   718 MBytes  6154 Mbits/sec    0   7.06 MBytes       
[  4]  40.80-42.00  sec   720 MBytes  5024 Mbits/sec    0   7.80 MBytes       
[  4]  42.00-42.42  sec   275 MBytes  5559 Mbits/sec    0   7.98 MBytes       
[  4]  42.42-44.00  sec  1009 MBytes  5351 Mbits/sec    0   8.04 MBytes       
[  4]  44.00-44.51  sec   390 MBytes  6355 Mbits/sec    0   8.04 MBytes       
[  4]  44.51-45.35  sec   592 MBytes  5919 Mbits/sec    0   8.04 MBytes       
[  4]  45.35-46.02  sec   532 MBytes  6695 Mbits/sec    0   8.04 MBytes       
[  4]  46.02-46.73  sec   531 MBytes  6261 Mbits/sec    0   8.04 MBytes       
[  4]  46.73-48.35  sec  1.07 GBytes  5711 Mbits/sec    0   8.04 MBytes       
[  4]  48.35-48.35  sec  0.00 Bytes  0.00 Mbits/sec    0   8.04 MBytes       
- - - - - - - - - - - - - - - - - - - - - - - - -
[ ID] Interval           Transfer     Bandwidth       Retr
[  4]   0.00-48.35  sec  20.1 GBytes  3566 Mbits/sec  194             sender
[  4]   0.00-48.35  sec  20.1 GBytes  3563 Mbits/sec                  receiver

iperf Done.

-----------------------------------------------------------
Server listening on 5201
-----------------------------------------------------------
Accepted connection from 10.0.0.1, port 37018
[  5] local 10.0.0.2 port 5201 connected to 10.0.0.1 port 37019
[ ID] Interval           Transfer     Bandwidth
[  5]   0.00-1.00   sec  94.7 MBytes   795 Mbits/sec                  
[  5]   1.00-2.00   sec   245 MBytes  2053 Mbits/sec                  
[  5]   2.00-3.00   sec   260 MBytes  2184 Mbits/sec                  
[  5]   3.00-4.00   sec   263 MBytes  2202 Mbits/sec                  
[  5]   4.00-5.00   sec   248 MBytes  2080 Mbits/sec                  
[  5]   5.00-6.00   sec   248 MBytes  2077 Mbits/sec                  
[  5]   6.00-7.00   sec   298 MBytes  2501 Mbits/sec                  
[  5]   7.00-8.00   sec   271 MBytes  2271 Mbits/sec                  
[  5]   8.00-9.00   sec   218 MBytes  1828 Mbits/sec                  
[  5]   9.00-10.00  sec   252 MBytes  2114 Mbits/sec                  
[  5]  10.00-11.00  sec   244 MBytes  2043 Mbits/sec                  
[  5]  11.00-12.00  sec   262 MBytes  2195 Mbits/sec                  
[  5]  12.00-13.00  sec   265 MBytes  2226 Mbits/sec                  
[  5]  13.00-14.00  sec   250 MBytes  2100 Mbits/sec                  
[  5]  14.00-15.00  sec   316 MBytes  2651 Mbits/sec                  
[  5]  15.00-16.00  sec   268 MBytes  2251 Mbits/sec                  
[  5]  16.00-17.00  sec   360 MBytes  3009 Mbits/sec                  
[  5]  17.00-18.00  sec   312 MBytes  2626 Mbits/sec                  
[  5]  18.00-19.00  sec   363 MBytes  3044 Mbits/sec                  
[  5]  19.00-20.00  sec   316 MBytes  2650 Mbits/sec                  
[  5]  20.00-21.00  sec   271 MBytes  2274 Mbits/sec                  
[  5]  21.00-22.00  sec   331 MBytes  2775 Mbits/sec                  
[  5]  22.00-23.00  sec   314 MBytes  2633 Mbits/sec                  
[  5]  23.00-24.00  sec   406 MBytes  3404 Mbits/sec                  
[  5]  24.00-25.00  sec   448 MBytes  3761 Mbits/sec                  
[  5]  25.00-26.00  sec   386 MBytes  3240 Mbits/sec                  
[  5]  26.00-27.00  sec   399 MBytes  3346 Mbits/sec                  
[  5]  27.00-28.00  sec   324 MBytes  2720 Mbits/sec                  
[  5]  28.00-29.00  sec   333 MBytes  2797 Mbits/sec                  
[  5]  29.00-30.00  sec   355 MBytes  2982 Mbits/sec                  
[  5]  30.00-31.00  sec   396 MBytes  3312 Mbits/sec                  
[  5]  31.00-32.00  sec   639 MBytes  5373 Mbits/sec                  
[  5]  32.00-33.00  sec   582 MBytes  4885 Mbits/sec                  
[  5]  33.00-34.00  sec   617 MBytes  5171 Mbits/sec                  
[  5]  34.00-35.00  sec   651 MBytes  5464 Mbits/sec                  
[  5]  35.00-36.00  sec   596 MBytes  5003 Mbits/sec                  
[  5]  36.00-37.00  sec   555 MBytes  4648 Mbits/sec                  
[  5]  37.00-38.00  sec   922 MBytes  7745 Mbits/sec                  
[  5]  38.00-38.00  sec  0.00 Bytes  0.00 Mbits/sec                  
[  5]  38.00-39.00  sec   915 MBytes  7650 Mbits/sec                  
[  5]  39.00-41.00  sec  1.22 GBytes  5234 Mbits/sec                  
[  5]  41.00-42.00  sec   597 MBytes  5005 Mbits/sec                  
[  5]  42.00-43.00  sec   630 MBytes  5288 Mbits/sec                  
[  5]  43.00-44.00  sec   660 MBytes  5531 Mbits/sec                  
[  5]  44.00-45.00  sec   722 MBytes  6055 Mbits/sec                  
[  5]  45.00-45.12  sec   110 MBytes  7619 Mbits/sec                  
[  5]  45.12-45.12  sec  0.00 Bytes  0.00 Mbits/sec                  
[  5]  45.12-47.73  sec  1.73 GBytes  5711 Mbits/sec                  
- - - - - - - - - - - - - - - - - - - - - - - - -
[ ID] Interval           Transfer     Bandwidth       Retr
[  5]   0.00-47.73  sec  20.1 GBytes  3613 Mbits/sec  194             sender
[  5]   0.00-47.73  sec  20.1 GBytes  3609 Mbits/sec                  receiver
iperf3: interrupt - the server has terminated

