********* Running stringBandwidthTest *********
SwitchCount	TDF	CPU	iperf Results
RTT Avg = 4.739 ms
Connecting to host 10.0.0.2, port 5201
[  4] local 10.0.0.1 port 36963 connected to 10.0.0.2 port 5201
[ ID] Interval           Transfer     Bandwidth       Retr  Cwnd
[  4]   0.00-1.00   sec  27.0 MBytes   226 Mbits/sec    1    139 KBytes       
[  4]   1.00-2.00   sec  28.3 MBytes   238 Mbits/sec    0    144 KBytes       
[  4]   2.00-3.00   sec  29.9 MBytes   251 Mbits/sec    0    151 KBytes       
[  4]   3.00-4.00   sec  31.5 MBytes   264 Mbits/sec    0    165 KBytes       
[  4]   4.00-5.00   sec  36.5 MBytes   306 Mbits/sec    0    199 KBytes       
[  4]   5.00-6.00   sec  45.7 MBytes   383 Mbits/sec    0    250 KBytes       
[  4]   6.00-7.00   sec  56.8 MBytes   477 Mbits/sec    0    321 KBytes       
[  4]   7.00-8.00   sec  76.2 MBytes   640 Mbits/sec    0    416 KBytes       
[  4]   8.00-9.00   sec   100 MBytes   839 Mbits/sec    0    537 KBytes       
[  4]   9.00-10.00  sec   131 MBytes  1098 Mbits/sec    0    690 KBytes       
[  4]  10.00-11.00  sec   169 MBytes  1416 Mbits/sec    0    872 KBytes       
[  4]  11.00-12.00  sec   212 MBytes  1783 Mbits/sec    0   1.07 MBytes       
[  4]  12.00-13.00  sec   260 MBytes  2181 Mbits/sec    0   1.33 MBytes       
[  4]  13.00-14.00  sec   289 MBytes  2422 Mbits/sec    0   1.64 MBytes       
[  4]  14.00-15.00  sec   305 MBytes  2558 Mbits/sec    0   1.99 MBytes       
[  4]  15.00-16.00  sec   328 MBytes  2747 Mbits/sec    0   2.39 MBytes       
[  4]  16.00-17.00  sec   329 MBytes  2758 Mbits/sec    0   2.84 MBytes       
[  4]  17.00-18.00  sec   354 MBytes  2967 Mbits/sec    0   3.34 MBytes       
[  4]  18.00-19.00  sec   411 MBytes  3450 Mbits/sec   32   3.42 MBytes       
[  4]  19.00-20.00  sec   382 MBytes  3209 Mbits/sec    0   3.42 MBytes       
[  4]  20.00-21.00  sec   405 MBytes  3397 Mbits/sec    0   3.43 MBytes       
[  4]  21.00-22.00  sec   436 MBytes  3660 Mbits/sec    0   3.45 MBytes       
[  4]  22.00-22.98  sec   469 MBytes  4023 Mbits/sec    0   3.48 MBytes       
[  4]  22.98-24.00  sec   528 MBytes  4327 Mbits/sec    0   3.53 MBytes       
[  4]  24.00-25.00  sec   579 MBytes  4855 Mbits/sec    0   3.59 MBytes       
[  4]  25.00-26.00  sec   574 MBytes  4813 Mbits/sec    0   3.68 MBytes       
[  4]  26.00-27.00  sec   631 MBytes  5295 Mbits/sec    0   3.68 MBytes       
[  4]  27.00-28.00  sec   594 MBytes  4981 Mbits/sec    0   3.69 MBytes       
[  4]  28.00-29.00  sec   601 MBytes  5044 Mbits/sec    0   3.70 MBytes       
[  4]  29.00-30.00  sec   615 MBytes  5159 Mbits/sec    0   3.72 MBytes       
[  4]  30.00-31.00  sec   565 MBytes  4740 Mbits/sec    0   3.75 MBytes       
[  4]  31.00-31.89  sec   489 MBytes  4623 Mbits/sec    0   3.80 MBytes       
[  4]  31.89-33.00  sec   632 MBytes  4767 Mbits/sec    0   3.88 MBytes       
[  4]  33.00-34.00  sec   506 MBytes  4247 Mbits/sec    0   3.98 MBytes       
[  4]  34.00-35.00  sec   495 MBytes  4152 Mbits/sec    0   4.10 MBytes       
[  4]  35.00-36.00  sec   596 MBytes  5002 Mbits/sec    0   4.25 MBytes       
[  4]  36.00-37.00  sec   574 MBytes  4813 Mbits/sec    0   4.44 MBytes       
[  4]  37.00-38.00  sec   640 MBytes  5369 Mbits/sec    0   4.67 MBytes       
[  4]  38.00-39.00  sec   616 MBytes  5169 Mbits/sec    0   4.93 MBytes       
[  4]  39.00-40.00  sec   654 MBytes  5484 Mbits/sec    1   5.01 MBytes       
[  4]  40.00-40.73  sec   591 MBytes  6753 Mbits/sec    0   5.01 MBytes       
[  4]  40.73-42.00  sec   988 MBytes  6546 Mbits/sec    0   5.02 MBytes       
[  4]  42.00-42.92  sec   712 MBytes  6471 Mbits/sec    0   5.04 MBytes       
[  4]  42.92-44.00  sec   850 MBytes  6624 Mbits/sec    0   5.07 MBytes       
[  4]  44.00-45.00  sec   752 MBytes  6313 Mbits/sec    0   5.11 MBytes       
[  4]  45.00-46.01  sec   725 MBytes  6050 Mbits/sec    0   5.18 MBytes       
[  4]  46.01-47.01  sec   378 MBytes  3161 Mbits/sec    0   5.22 MBytes       
[  4]  47.01-48.01  sec   432 MBytes  3633 Mbits/sec   45   5.32 MBytes       
[  4]  48.01-48.52  sec   245 MBytes  3963 Mbits/sec   32   5.32 MBytes       
[  4]  48.52-49.51  sec   381 MBytes  3257 Mbits/sec  112   5.32 MBytes       
- - - - - - - - - - - - - - - - - - - - - - - - -
[ ID] Interval           Transfer     Bandwidth       Retr
[  4]   0.00-49.51  sec  20.4 GBytes  3534 Mbits/sec  223             sender
[  4]   0.00-49.51  sec  20.3 GBytes  3529 Mbits/sec                  receiver

iperf Done.

-----------------------------------------------------------
Server listening on 5201
-----------------------------------------------------------
Accepted connection from 10.0.0.1, port 36962
[  5] local 10.0.0.2 port 5201 connected to 10.0.0.1 port 36963
[ ID] Interval           Transfer     Bandwidth
[  5]   0.00-1.00   sec  26.0 MBytes   218 Mbits/sec                  
[  5]   1.00-2.00   sec  28.5 MBytes   239 Mbits/sec                  
[  5]   2.00-3.00   sec  29.7 MBytes   249 Mbits/sec                  
[  5]   3.00-4.00   sec  31.4 MBytes   263 Mbits/sec                  
[  5]   4.00-5.00   sec  36.7 MBytes   308 Mbits/sec                  
[  5]   5.00-6.00   sec  45.3 MBytes   380 Mbits/sec                  
[  5]   6.00-7.00   sec  56.2 MBytes   471 Mbits/sec                  
[  5]   7.00-8.00   sec  76.2 MBytes   639 Mbits/sec                  
[  5]   8.00-9.00   sec  99.2 MBytes   832 Mbits/sec                  
[  5]   9.00-10.00  sec   130 MBytes  1092 Mbits/sec                  
[  5]  10.00-11.00  sec   168 MBytes  1410 Mbits/sec                  
[  5]  11.00-12.00  sec   213 MBytes  1787 Mbits/sec                  
[  5]  12.00-13.00  sec   264 MBytes  2218 Mbits/sec                  
[  5]  13.00-14.00  sec   311 MBytes  2605 Mbits/sec                  
[  5]  14.00-15.00  sec   343 MBytes  2878 Mbits/sec                  
[  5]  15.00-16.00  sec   350 MBytes  2934 Mbits/sec                  
[  5]  16.00-17.00  sec   345 MBytes  2893 Mbits/sec                  
[  5]  17.00-18.00  sec   371 MBytes  3109 Mbits/sec                  
[  5]  18.00-19.00  sec   422 MBytes  3536 Mbits/sec                  
[  5]  19.00-20.00  sec   408 MBytes  3427 Mbits/sec                  
[  5]  20.00-21.00  sec   425 MBytes  3562 Mbits/sec                  
[  5]  21.00-22.00  sec   473 MBytes  3969 Mbits/sec                  
[  5]  22.00-23.00  sec   520 MBytes  4365 Mbits/sec                  
[  5]  23.00-24.00  sec   571 MBytes  4780 Mbits/sec                  
[  5]  24.00-25.00  sec   644 MBytes  5411 Mbits/sec                  
[  5]  25.00-26.00  sec   697 MBytes  5839 Mbits/sec                  
[  5]  26.00-27.00  sec   652 MBytes  5476 Mbits/sec                  
[  5]  27.00-28.00  sec   663 MBytes  5562 Mbits/sec                  
[  5]  28.00-29.00  sec   658 MBytes  5510 Mbits/sec                  
[  5]  29.00-29.93  sec   565 MBytes  5118 Mbits/sec                  
[  5]  29.93-29.93  sec  0.00 Bytes  0.00 Mbits/sec                  
[  5]  29.93-32.00  sec  1.20 GBytes  4976 Mbits/sec                  
[  5]  32.00-33.00  sec   494 MBytes  4147 Mbits/sec                  
[  5]  33.00-34.00  sec   576 MBytes  4830 Mbits/sec                  
[  5]  34.00-35.00  sec   613 MBytes  5142 Mbits/sec                  
[  5]  35.00-36.00  sec   641 MBytes  5380 Mbits/sec                  
[  5]  36.00-37.00  sec   746 MBytes  6260 Mbits/sec                  
[  5]  37.00-38.00  sec   597 MBytes  5008 Mbits/sec                  
[  5]  38.00-39.00  sec   791 MBytes  6636 Mbits/sec                  
[  5]  39.00-40.00  sec   880 MBytes  7385 Mbits/sec                  
[  5]  40.00-41.00  sec   811 MBytes  6796 Mbits/sec                  
[  5]  41.00-42.00  sec   920 MBytes  7727 Mbits/sec                  
[  5]  42.00-42.56  sec   407 MBytes  6142 Mbits/sec                  
[  5]  42.56-42.56  sec  0.00 Bytes  0.00 Mbits/sec                  
[  5]  42.56-42.56  sec  0.00 Bytes  0.00 Mbits/sec                  
[  5]  42.56-46.00  sec  2.00 GBytes  4981 Mbits/sec                  
[  5]  46.00-47.00  sec   373 MBytes  3129 Mbits/sec                  
[  5]  47.00-47.24  sec  82.0 MBytes  2847 Mbits/sec                  
- - - - - - - - - - - - - - - - - - - - - - - - -
[ ID] Interval           Transfer     Bandwidth       Retr
[  5]   0.00-47.24  sec  20.4 GBytes  3703 Mbits/sec  223             sender
[  5]   0.00-47.24  sec  20.3 GBytes  3698 Mbits/sec                  receiver
iperf3: interrupt - the server has terminated

