********* Running stringBandwidthTest *********
RTT Avg = 1.039 ms
iperf 3-CURRENT
Linux yjq-XPS-8700 3.16.3 #38 SMP Thu Mar 5 17:02:21 CST 2015 x86_64
Time: Sat, 07 Mar 2015 04:03:15 GMT
Connecting to host 10.0.0.2, port 5201
      Cookie: yjq-XPS-8700.1425700995.534770.35495
      TCP MSS: 1448 (default)
[  4] local 10.0.0.1 port 36373 connected to 10.0.0.2 port 5201
Starting Test: protocol: TCP, 1 streams, 131072 byte blocks, omitting 0 seconds, 50 second test
[ ID] Interval           Transfer     Bandwidth       Retr  Cwnd
[  4]   0.00-1.00   sec  78.9 MBytes   662 Mbits/sec   12   89.1 KBytes       
[  4]   1.00-2.00   sec   107 MBytes   896 Mbits/sec    0    119 KBytes       
[  4]   2.00-3.00   sec   160 MBytes  1342 Mbits/sec    0    144 KBytes       
[  4]   3.00-4.00   sec   167 MBytes  1401 Mbits/sec    0    163 KBytes       
[  4]   4.00-5.00   sec   167 MBytes  1403 Mbits/sec    0    180 KBytes       
[  4]   5.00-6.00   sec   194 MBytes  1627 Mbits/sec    0    198 KBytes       
[  4]   6.00-7.00   sec   262 MBytes  2201 Mbits/sec    0    263 KBytes       
[  4]   7.00-8.00   sec   349 MBytes  2926 Mbits/sec    0    356 KBytes       
[  4]   8.00-9.00   sec   422 MBytes  3543 Mbits/sec    0    475 KBytes       
[  4]   9.00-10.00  sec   490 MBytes  4110 Mbits/sec    0    631 KBytes       
[  4]  10.00-11.00  sec   561 MBytes  4707 Mbits/sec    0    816 KBytes       
[  4]  11.00-12.00  sec   634 MBytes  5316 Mbits/sec    0   1.01 MBytes       
[  4]  12.00-13.00  sec   688 MBytes  5767 Mbits/sec    0   1.27 MBytes       
[  4]  13.00-14.00  sec   768 MBytes  6438 Mbits/sec    0   1.57 MBytes       
[  4]  14.00-15.00  sec   831 MBytes  6973 Mbits/sec    0   1.91 MBytes       
[  4]  15.00-16.00  sec   875 MBytes  7340 Mbits/sec    0   2.31 MBytes       
[  4]  16.00-17.00  sec   996 MBytes  8357 Mbits/sec    0   2.76 MBytes       
[  4]  17.00-18.00  sec   970 MBytes  8137 Mbits/sec    0   2.81 MBytes       
[  4]  18.00-19.00  sec   951 MBytes  7980 Mbits/sec    0   2.81 MBytes       
[  4]  19.00-20.00  sec   941 MBytes  7895 Mbits/sec    0   2.82 MBytes       
[  4]  20.00-21.00  sec  1005 MBytes  8427 Mbits/sec    0   2.83 MBytes       
[  4]  21.00-22.00  sec   931 MBytes  7815 Mbits/sec    0   2.87 MBytes       
[  4]  22.00-23.00  sec   985 MBytes  8262 Mbits/sec    0   2.92 MBytes       
[  4]  23.00-24.00  sec  1022 MBytes  8578 Mbits/sec    0   2.98 MBytes       
[  4]  24.00-25.00  sec   979 MBytes  8210 Mbits/sec    0   3.07 MBytes       
[  4]  25.00-26.00  sec   998 MBytes  8343 Mbits/sec    0   3.19 MBytes       
[  4]  26.00-27.00  sec   928 MBytes  7799 Mbits/sec    0   3.33 MBytes       
[  4]  27.00-28.00  sec   930 MBytes  7807 Mbits/sec    0   3.51 MBytes       
[  4]  28.00-29.00  sec   851 MBytes  7139 Mbits/sec    0   3.73 MBytes       
[  4]  29.00-30.00  sec   951 MBytes  7981 Mbits/sec    0   3.99 MBytes       
[  4]  30.00-31.00  sec   906 MBytes  7602 Mbits/sec    0   4.29 MBytes       
[  4]  31.00-32.00  sec   982 MBytes  8242 Mbits/sec    0   4.63 MBytes       
[  4]  32.00-33.00  sec   826 MBytes  6913 Mbits/sec    0   4.88 MBytes       
[  4]  33.00-34.00  sec   549 MBytes  4608 Mbits/sec    0   4.88 MBytes       
[  4]  34.00-35.00  sec   441 MBytes  3694 Mbits/sec    0   4.88 MBytes       
[  4]  35.00-36.00  sec   315 MBytes  2641 Mbits/sec    0   4.88 MBytes       
[  4]  36.00-37.00  sec   328 MBytes  2748 Mbits/sec   92   4.91 MBytes       
[  4]  37.00-38.00  sec   318 MBytes  2662 Mbits/sec    0   4.91 MBytes       
[  4]  38.00-39.00  sec   319 MBytes  2679 Mbits/sec    0   4.91 MBytes       
[  4]  39.00-40.00  sec   339 MBytes  2836 Mbits/sec    0   4.91 MBytes       
[  4]  40.00-41.00  sec   328 MBytes  2749 Mbits/sec    0   4.91 MBytes       
[  4]  41.00-42.00  sec   326 MBytes  2745 Mbits/sec    0   4.91 MBytes       
[  4]  42.00-43.00  sec   336 MBytes  2813 Mbits/sec    0   4.91 MBytes       
[  4]  43.00-44.00  sec   379 MBytes  3184 Mbits/sec    0   5.06 MBytes       
[  4]  44.00-45.00  sec   324 MBytes  2708 Mbits/sec    0   5.06 MBytes       
[  4]  45.00-46.00  sec   332 MBytes  2798 Mbits/sec    0   5.06 MBytes       
[  4]  46.00-47.00  sec   376 MBytes  3160 Mbits/sec    0   5.08 MBytes       
[  4]  47.00-48.00  sec   444 MBytes  3722 Mbits/sec    0   5.11 MBytes       
[  4]  48.00-49.00  sec   434 MBytes  3639 Mbits/sec  250   5.12 MBytes       
[  4]  49.00-50.00  sec   325 MBytes  2725 Mbits/sec    0   5.12 MBytes       
- - - - - - - - - - - - - - - - - - - - - - - - -
Test Complete. Summary Results:
[ ID] Interval           Transfer     Bandwidth       Retr
[  4]   0.00-50.00  sec  28.4 GBytes  4885 Mbits/sec  354             sender
[  4]   0.00-50.00  sec  28.4 GBytes  4885 Mbits/sec                  receiver
CPU Utilization: local/sender 24.7% (0.1%u/24.6%s), remote/receiver 31.4% (0.2%u/31.2%s)

iperf Done.

iperf 3-CURRENT
Linux yjq-XPS-8700 3.16.3 #38 SMP Thu Mar 5 17:02:21 CST 2015 x86_64
-----------------------------------------------------------
Server listening on 5201
-----------------------------------------------------------
Time: Sat, 07 Mar 2015 04:03:15 GMT
Accepted connection from 10.0.0.1, port 36372
      Cookie: yjq-XPS-8700.1425700995.534770.35495
      TCP MSS: 1448 (default)
[  5] local 10.0.0.2 port 5201 connected to 10.0.0.1 port 36373
Starting Test: protocol: TCP, 1 streams, 131072 byte blocks, omitting 0 seconds, 50 second test
[ ID] Interval           Transfer     Bandwidth
[  5]   0.00-1.00   sec  78.5 MBytes   658 Mbits/sec                  
[  5]   1.00-2.00   sec   107 MBytes   893 Mbits/sec                  
[  5]   2.00-3.00   sec   160 MBytes  1340 Mbits/sec                  
[  5]   3.00-4.00   sec   167 MBytes  1399 Mbits/sec                  
[  5]   4.00-5.00   sec   167 MBytes  1401 Mbits/sec                  
[  5]   5.00-6.00   sec   194 MBytes  1627 Mbits/sec                  
[  5]   6.00-7.00   sec   261 MBytes  2194 Mbits/sec                  
[  5]   7.00-8.00   sec   349 MBytes  2925 Mbits/sec                  
[  5]   8.00-9.00   sec   421 MBytes  3531 Mbits/sec                  
[  5]   9.00-10.00  sec   489 MBytes  4105 Mbits/sec                  
[  5]  10.00-11.00  sec   484 MBytes  4056 Mbits/sec                  
[  5]  11.00-12.01  sec   526 MBytes  4367 Mbits/sec                  
[  5]  12.01-13.00  sec   653 MBytes  5540 Mbits/sec                  
[  5]  13.00-14.00  sec   613 MBytes  5128 Mbits/sec                  
[  5]  14.00-15.00  sec   478 MBytes  4006 Mbits/sec                  
[  5]  15.00-16.00  sec   535 MBytes  4505 Mbits/sec                  
[  5]  16.00-17.00  sec   468 MBytes  3927 Mbits/sec                  
[  5]  17.00-18.00  sec   500 MBytes  4193 Mbits/sec                  
[  5]  18.00-19.00  sec   531 MBytes  4453 Mbits/sec                  
[  5]  19.00-20.00  sec   483 MBytes  4049 Mbits/sec                  
[  5]  20.00-21.00  sec   479 MBytes  4018 Mbits/sec                  
[  5]  21.00-22.00  sec   560 MBytes  4706 Mbits/sec                  
[  5]  22.00-23.00  sec   506 MBytes  4243 Mbits/sec                  
[  5]  23.00-24.01  sec   502 MBytes  4163 Mbits/sec                  
[  5]  24.01-25.00  sec   481 MBytes  4083 Mbits/sec                  
[  5]  25.00-26.00  sec   520 MBytes  4352 Mbits/sec                  
[  5]  26.00-27.00  sec  1.19 GBytes  10275 Mbits/sec                  
[  5]  27.00-28.00  sec   978 MBytes  8202 Mbits/sec                  
[  5]  28.00-29.00  sec  1.50 GBytes  12858 Mbits/sec                  
[  5]  29.00-30.00  sec   624 MBytes  5248 Mbits/sec                  
[  5]  30.00-31.00  sec   999 MBytes  8383 Mbits/sec                  
[  5]  31.00-32.00  sec   849 MBytes  7122 Mbits/sec                  
[  5]  32.00-33.00  sec  1.19 GBytes  10220 Mbits/sec                  
[  5]  33.00-34.00  sec  2.77 GBytes  23831 Mbits/sec                  
[  5]  34.00-35.00  sec  2.84 GBytes  24429 Mbits/sec                  
[  5]  35.00-36.00  sec   314 MBytes  2636 Mbits/sec                  
[  5]  36.00-37.00  sec   329 MBytes  2761 Mbits/sec                  
[  5]  37.00-38.00  sec   316 MBytes  2652 Mbits/sec                  
[  5]  38.00-39.00  sec   320 MBytes  2681 Mbits/sec                  
[  5]  39.00-40.00  sec   337 MBytes  2823 Mbits/sec                  
[  5]  40.00-41.00  sec   329 MBytes  2762 Mbits/sec                  
[  5]  41.00-42.00  sec   327 MBytes  2739 Mbits/sec                  
[  5]  42.00-43.00  sec   335 MBytes  2814 Mbits/sec                  
[  5]  43.00-44.00  sec   381 MBytes  3192 Mbits/sec                  
[  5]  44.00-45.00  sec   323 MBytes  2707 Mbits/sec                  
[  5]  45.00-46.00  sec   333 MBytes  2797 Mbits/sec                  
[  5]  46.00-47.00  sec   367 MBytes  3076 Mbits/sec                  
[  5]  47.00-48.00  sec   444 MBytes  3723 Mbits/sec                  
[  5]  48.00-49.00  sec   436 MBytes  3661 Mbits/sec                  
[  5]  49.00-50.00  sec   332 MBytes  2785 Mbits/sec                  
[  5]  50.00-50.01  sec  4.13 MBytes  2640 Mbits/sec                  
- - - - - - - - - - - - - - - - - - - - - - - - -
Test Complete. Summary Results:
[ ID] Interval           Transfer     Bandwidth       Retr
[  5]   0.00-50.01  sec  28.4 GBytes  4884 Mbits/sec  354             sender
[  5]   0.00-50.01  sec  28.4 GBytes  4884 Mbits/sec                  receiver
CPU Utilization: local/receiver 31.4% (0.2%u/31.2%s), remote/sender 24.7% (0.1%u/24.6%s)

