********* Running stringBandwidthTest *********
iperf 3-CURRENT
Linux yjq-XPS-8700 3.16.3 #38 SMP Thu Mar 5 17:02:21 CST 2015 x86_64
Time: Sat, 07 Mar 2015 03:50:57 GMT
Connecting to host 10.0.0.2, port 5201
      Cookie: yjq-XPS-8700.1425700249.664157.72f9c
      TCP MSS: 1448 (default)
[  4] local 10.0.0.1 port 36197 connected to 10.0.0.2 port 5201
Starting Test: protocol: TCP, 1 streams, 131072 byte blocks, omitting 0 seconds, 20 second test
[ ID] Interval           Transfer     Bandwidth       Retr  Cwnd
[  4]   0.00-0.71   sec   151 MBytes  1773 Mbits/sec    5    120 KBytes       
[  4]   0.71-0.71   sec  0.00 Bytes  0.00 Mbits/sec    0    120 KBytes       
[  4]   0.71-0.71   sec  0.00 Bytes  0.00 Mbits/sec    0    120 KBytes       
[  4]   0.71-0.71   sec  0.00 Bytes  0.00 Mbits/sec    0    120 KBytes       
[  4]   0.71-0.71   sec  0.00 Bytes  0.00 Mbits/sec    0    120 KBytes       
[  4]   0.71-0.71   sec  0.00 Bytes  0.00 Mbits/sec    0    120 KBytes       
[  4]   0.71-0.71   sec  0.00 Bytes  0.00 Mbits/sec    0    120 KBytes       
[  4]   0.71-0.71   sec  0.00 Bytes  0.00 Mbits/sec    0    120 KBytes       
[  4]   0.71-0.71   sec  0.00 Bytes  0.00 Mbits/sec    0    120 KBytes       
[  4]   0.71-0.71   sec  0.00 Bytes  0.00 Mbits/sec    0    120 KBytes       
[  4]   0.71-1.75   sec   412 MBytes  3341 Mbits/sec    0    263 KBytes       
[  4]   1.75-1.75   sec  0.00 Bytes  0.00 Mbits/sec    0    263 KBytes       
[  4]   1.75-1.75   sec  0.00 Bytes  0.00 Mbits/sec    0    263 KBytes       
[  4]   1.75-1.75   sec  0.00 Bytes  0.00 Mbits/sec    0    263 KBytes       
[  4]   1.75-3.37   sec  1.40 GBytes  7421 Mbits/sec    0   1.42 MBytes       
[  4]   3.37-3.37   sec  0.00 Bytes  0.00 Mbits/sec    0   1.42 MBytes       
[  4]   3.37-3.37   sec  0.00 Bytes  0.00 Mbits/sec    0   1.42 MBytes       
[  4]   3.37-3.37   sec  0.00 Bytes  0.00 Mbits/sec    0   1.42 MBytes       
[  4]   3.37-3.37   sec  0.00 Bytes  0.00 Mbits/sec    0   1.42 MBytes       
[  4]   3.37-3.37   sec  0.00 Bytes  0.00 Mbits/sec    0   1.42 MBytes       
- - - - - - - - - - - - - - - - - - - - - - - - -
Test Complete. Summary Results:
[ ID] Interval           Transfer     Bandwidth       Retr
[  4]   0.00-3.37   sec  1.95 GBytes  4976 Mbits/sec    5             sender
[  4]   0.00-3.37   sec  1.95 GBytes  4967 Mbits/sec                  receiver
CPU Utilization: local/sender 7.1% (0.3%u/6.8%s), remote/receiver 14.4% (0.6%u/13.8%s)

iperf Done.

iperf 3-CURRENT
Linux yjq-XPS-8700 3.16.3 #38 SMP Thu Mar 5 17:02:21 CST 2015 x86_64
-----------------------------------------------------------
Server listening on 5201
-----------------------------------------------------------
Time: Sat, 07 Mar 2015 03:50:57 GMT
Accepted connection from 10.0.0.1, port 36196
      Cookie: yjq-XPS-8700.1425700249.664157.72f9c
      TCP MSS: 1448 (default)
[  5] local 10.0.0.2 port 5201 connected to 10.0.0.1 port 36197
Starting Test: protocol: TCP, 1 streams, 131072 byte blocks, omitting 0 seconds, 20 second test
[ ID] Interval           Transfer     Bandwidth
[  5]   0.00-1.00   sec   247 MBytes  2069 Mbits/sec                  
[  5]   1.00-2.00   sec   504 MBytes  4225 Mbits/sec                  
[  5]   2.00-3.00   sec   904 MBytes  7580 Mbits/sec                  
[  5]   3.00-3.38   sec   343 MBytes  7633 Mbits/sec                  
- - - - - - - - - - - - - - - - - - - - - - - - -
Test Complete. Summary Results:
[ ID] Interval           Transfer     Bandwidth       Retr
[  5]   0.00-3.38   sec  1.95 GBytes  4969 Mbits/sec    5             sender
[  5]   0.00-3.38   sec  1.95 GBytes  4960 Mbits/sec                  receiver
CPU Utilization: local/receiver 14.4% (0.6%u/13.8%s), remote/sender 7.1% (0.3%u/6.8%s)
iperf3: interrupt - the server has terminated

