********* Running stringBandwidthTest *********
SwitchCount	TDF	CPU	iperf Results
RTT Avg = 10.044 ms
Connecting to host 10.0.0.2, port 5201
[  4] local 10.0.0.1 port 34927 connected to 10.0.0.2 port 5201
[ ID] Interval           Transfer     Bandwidth       Retr  Cwnd
[  4]   0.00-1.00   sec  45.4 MBytes   380 Mbits/sec    0    775 KBytes       
[  4]   1.00-2.00   sec   178 MBytes  1489 Mbits/sec    0   2.64 MBytes       
[  4]   2.00-3.00   sec   286 MBytes  2401 Mbits/sec    0   5.82 MBytes       
[  4]   3.00-4.00   sec   310 MBytes  2600 Mbits/sec    0   8.04 MBytes       
[  4]   4.00-5.00   sec   291 MBytes  2443 Mbits/sec    0   8.04 MBytes       
[  4]   5.00-6.00   sec   310 MBytes  2600 Mbits/sec   45   8.04 MBytes       
[  4]   6.00-7.00   sec   299 MBytes  2506 Mbits/sec    0   8.04 MBytes       
[  4]   7.00-8.00   sec   282 MBytes  2370 Mbits/sec    0   8.04 MBytes       
[  4]   8.00-9.00   sec   310 MBytes  2600 Mbits/sec    0   8.04 MBytes       
[  4]   9.00-10.00  sec   298 MBytes  2496 Mbits/sec    0   8.04 MBytes       
[  4]  10.00-11.00  sec   281 MBytes  2359 Mbits/sec    0   8.04 MBytes       
[  4]  11.00-12.00  sec   319 MBytes  2674 Mbits/sec    0   8.04 MBytes       
[  4]  12.00-13.00  sec   346 MBytes  2905 Mbits/sec    0   8.04 MBytes       
[  4]  13.00-14.00  sec   371 MBytes  3114 Mbits/sec    0   8.04 MBytes       
[  4]  14.00-15.00  sec   338 MBytes  2831 Mbits/sec    0   8.04 MBytes       
[  4]  15.00-16.00  sec   406 MBytes  3408 Mbits/sec    0   8.04 MBytes       
[  4]  16.00-17.00  sec   402 MBytes  3376 Mbits/sec    0   8.04 MBytes       
[  4]  17.00-18.00  sec   364 MBytes  3051 Mbits/sec    0   8.04 MBytes       
[  4]  18.00-19.00  sec   388 MBytes  3251 Mbits/sec    0   8.04 MBytes       
[  4]  19.00-20.00  sec   422 MBytes  3544 Mbits/sec    0   8.04 MBytes       
[  4]  20.00-21.00  sec   448 MBytes  3754 Mbits/sec    0   8.04 MBytes       
[  4]  21.00-22.00  sec   451 MBytes  3785 Mbits/sec    0   8.04 MBytes       
[  4]  22.00-23.00  sec   446 MBytes  3743 Mbits/sec    0   8.04 MBytes       
[  4]  23.00-24.00  sec   454 MBytes  3806 Mbits/sec    0   8.04 MBytes       
[  4]  24.00-25.00  sec   451 MBytes  3785 Mbits/sec    0   8.04 MBytes       
[  4]  25.00-26.00  sec   455 MBytes  3817 Mbits/sec    0   8.04 MBytes       
[  4]  26.00-27.00  sec   451 MBytes  3785 Mbits/sec    0   8.04 MBytes       
[  4]  27.00-28.00  sec   454 MBytes  3806 Mbits/sec    0   8.04 MBytes       
[  4]  28.00-29.00  sec   452 MBytes  3796 Mbits/sec    0   8.04 MBytes       
[  4]  29.00-30.00  sec   454 MBytes  3806 Mbits/sec    0   8.04 MBytes       
- - - - - - - - - - - - - - - - - - - - - - - - -
[ ID] Interval           Transfer     Bandwidth       Retr
[  4]   0.00-30.00  sec  10.5 GBytes  3010 Mbits/sec   45             sender
[  4]   0.00-30.00  sec  10.5 GBytes  3009 Mbits/sec                  receiver

iperf Done.

-----------------------------------------------------------
Server listening on 5201
-----------------------------------------------------------
Accepted connection from 10.0.0.1, port 34926
[  5] local 10.0.0.2 port 5201 connected to 10.0.0.1 port 34927
[ ID] Interval           Transfer     Bandwidth
[  5]   0.00-1.00   sec  41.5 MBytes   348 Mbits/sec                  
[  5]   1.00-2.00   sec   169 MBytes  1421 Mbits/sec                  
[  5]   2.00-3.00   sec   299 MBytes  2512 Mbits/sec                  
[  5]   3.00-4.00   sec   309 MBytes  2591 Mbits/sec                  
[  5]   4.00-5.00   sec   297 MBytes  2493 Mbits/sec                  
[  5]   5.00-6.00   sec   308 MBytes  2587 Mbits/sec                  
[  5]   6.00-7.00   sec   298 MBytes  2500 Mbits/sec                  
[  5]   7.00-8.00   sec   288 MBytes  2416 Mbits/sec                  
[  5]   8.00-9.00   sec   313 MBytes  2625 Mbits/sec                  
[  5]   9.00-10.00  sec   296 MBytes  2486 Mbits/sec                  
[  5]  10.00-11.00  sec   280 MBytes  2351 Mbits/sec                  
[  5]  11.00-12.00  sec   325 MBytes  2728 Mbits/sec                  
[  5]  12.00-13.00  sec   349 MBytes  2928 Mbits/sec                  
[  5]  13.00-14.00  sec   377 MBytes  3166 Mbits/sec                  
[  5]  14.00-15.00  sec   332 MBytes  2781 Mbits/sec                  
[  5]  15.00-16.00  sec   473 MBytes  3965 Mbits/sec                  
[  5]  16.00-17.00  sec   402 MBytes  3373 Mbits/sec                  
[  5]  17.00-18.00  sec   373 MBytes  3128 Mbits/sec                  
[  5]  18.00-19.00  sec   407 MBytes  3410 Mbits/sec                  
[  5]  19.00-20.00  sec   481 MBytes  4034 Mbits/sec                  
[  5]  20.00-21.00  sec   507 MBytes  4251 Mbits/sec                  
[  5]  21.00-22.00  sec   463 MBytes  3885 Mbits/sec                  
[  5]  22.00-23.00  sec   482 MBytes  4045 Mbits/sec                  
[  5]  23.00-24.00  sec   465 MBytes  3898 Mbits/sec                  
[  5]  24.00-25.00  sec   512 MBytes  4297 Mbits/sec                  
[  5]  25.00-26.00  sec   483 MBytes  4054 Mbits/sec                  
[  5]  26.00-27.00  sec   470 MBytes  3943 Mbits/sec                  
[  5]  27.00-28.00  sec   476 MBytes  3991 Mbits/sec                  
[  5]  28.00-29.00  sec   469 MBytes  3930 Mbits/sec                  
[  5]  29.00-29.04  sec  17.5 MBytes  3806 Mbits/sec                  
- - - - - - - - - - - - - - - - - - - - - - - - -
[ ID] Interval           Transfer     Bandwidth       Retr
[  5]   0.00-29.04  sec  10.5 GBytes  3109 Mbits/sec   45             sender
[  5]   0.00-29.04  sec  10.5 GBytes  3109 Mbits/sec                  receiver
iperf3: interrupt - the server has terminated

