********* Running stringBandwidthTest *********
SwitchCount	TDF	CPU	iperf Results
RTT Avg = 9.372 ms
Connecting to host 10.0.0.2, port 5201
[  4] local 10.0.0.1 port 35025 connected to 10.0.0.2 port 5201
[ ID] Interval           Transfer     Bandwidth       Retr  Cwnd
[  4]   0.00-1.00   sec  38.0 MBytes   319 Mbits/sec    0    682 KBytes       
[  4]   1.00-2.00   sec   150 MBytes  1258 Mbits/sec    0   2.26 MBytes       
[  4]   2.00-3.00   sec   239 MBytes  2003 Mbits/sec    0   3.83 MBytes       
[  4]   3.00-4.00   sec   244 MBytes  2045 Mbits/sec    0   3.83 MBytes       
[  4]   4.00-5.00   sec   238 MBytes  1992 Mbits/sec   32   3.83 MBytes       
[  4]   5.00-6.00   sec   245 MBytes  2055 Mbits/sec    0   3.83 MBytes       
[  4]   6.00-7.00   sec   229 MBytes  1919 Mbits/sec    0   3.84 MBytes       
[  4]   7.00-8.00   sec   222 MBytes  1866 Mbits/sec    0   3.85 MBytes       
[  4]   8.00-9.00   sec   221 MBytes  1856 Mbits/sec    0   3.87 MBytes       
[  4]   9.00-10.00  sec   231 MBytes  1940 Mbits/sec    0   3.90 MBytes       
[  4]  10.00-11.00  sec   255 MBytes  2139 Mbits/sec    0   3.95 MBytes       
[  4]  11.00-12.00  sec   271 MBytes  2275 Mbits/sec    0   4.03 MBytes       
[  4]  12.00-13.00  sec   270 MBytes  2265 Mbits/sec    0   4.12 MBytes       
[  4]  13.00-14.00  sec   278 MBytes  2328 Mbits/sec    0   4.24 MBytes       
[  4]  14.00-15.00  sec   280 MBytes  2349 Mbits/sec    0   4.39 MBytes       
[  4]  15.00-16.00  sec   302 MBytes  2538 Mbits/sec    0   4.58 MBytes       
[  4]  16.00-17.00  sec   302 MBytes  2538 Mbits/sec    0   4.80 MBytes       
[  4]  17.00-18.00  sec   321 MBytes  2695 Mbits/sec    0   5.06 MBytes       
[  4]  18.00-19.00  sec   329 MBytes  2758 Mbits/sec    0   5.37 MBytes       
[  4]  19.00-20.00  sec   422 MBytes  3544 Mbits/sec    0   5.72 MBytes       
[  4]  20.00-21.00  sec   386 MBytes  3240 Mbits/sec    0   6.12 MBytes       
[  4]  21.00-22.00  sec   478 MBytes  4005 Mbits/sec    0   6.59 MBytes       
[  4]  22.00-23.00  sec   464 MBytes  3890 Mbits/sec    0   7.11 MBytes       
[  4]  23.00-24.00  sec   452 MBytes  3796 Mbits/sec    0   7.68 MBytes       
[  4]  24.00-25.00  sec   464 MBytes  3890 Mbits/sec    0   8.01 MBytes       
[  4]  25.00-26.00  sec   468 MBytes  3922 Mbits/sec    0   8.01 MBytes       
[  4]  26.00-27.00  sec   461 MBytes  3869 Mbits/sec    0   8.01 MBytes       
[  4]  27.00-28.00  sec   559 MBytes  4687 Mbits/sec    0   8.01 MBytes       
[  4]  28.00-29.00  sec   639 MBytes  5358 Mbits/sec    0   8.01 MBytes       
[  4]  29.00-30.00  sec   570 MBytes  4781 Mbits/sec    0   8.01 MBytes       
- - - - - - - - - - - - - - - - - - - - - - - - -
[ ID] Interval           Transfer     Bandwidth       Retr
[  4]   0.00-30.00  sec  9.79 GBytes  2804 Mbits/sec   32             sender
[  4]   0.00-30.00  sec  9.79 GBytes  2804 Mbits/sec                  receiver

iperf Done.

-----------------------------------------------------------
Server listening on 5201
-----------------------------------------------------------
Accepted connection from 10.0.0.1, port 35024
[  5] local 10.0.0.2 port 5201 connected to 10.0.0.1 port 35025
[ ID] Interval           Transfer     Bandwidth
[  5]   0.00-1.00   sec  33.7 MBytes   283 Mbits/sec                  
[  5]   1.00-2.00   sec   143 MBytes  1198 Mbits/sec                  
[  5]   2.00-3.00   sec   251 MBytes  2107 Mbits/sec                  
[  5]   3.00-4.00   sec   249 MBytes  2092 Mbits/sec                  
[  5]   4.00-5.00   sec   239 MBytes  2004 Mbits/sec                  
[  5]   5.00-6.00   sec   249 MBytes  2090 Mbits/sec                  
[  5]   6.00-7.00   sec   239 MBytes  2005 Mbits/sec                  
[  5]   7.00-8.00   sec   221 MBytes  1858 Mbits/sec                  
[  5]   8.00-9.00   sec   225 MBytes  1890 Mbits/sec                  
[  5]   9.00-10.00  sec   245 MBytes  2055 Mbits/sec                  
[  5]  10.00-11.00  sec   259 MBytes  2173 Mbits/sec                  
[  5]  11.00-12.00  sec   297 MBytes  2493 Mbits/sec                  
[  5]  12.00-13.00  sec   281 MBytes  2356 Mbits/sec                  
[  5]  13.00-14.00  sec   294 MBytes  2467 Mbits/sec                  
[  5]  14.00-15.00  sec   283 MBytes  2371 Mbits/sec                  
[  5]  15.00-16.00  sec   323 MBytes  2709 Mbits/sec                  
[  5]  16.00-17.00  sec   308 MBytes  2588 Mbits/sec                  
[  5]  17.00-18.00  sec   332 MBytes  2787 Mbits/sec                  
[  5]  18.00-19.00  sec   394 MBytes  3307 Mbits/sec                  
[  5]  19.00-20.00  sec   400 MBytes  3351 Mbits/sec                  
[  5]  20.00-21.00  sec   415 MBytes  3483 Mbits/sec                  
[  5]  21.00-22.00  sec   527 MBytes  4425 Mbits/sec                  
[  5]  22.00-23.00  sec   446 MBytes  3740 Mbits/sec                  
[  5]  23.00-24.00  sec   463 MBytes  3886 Mbits/sec                  
[  5]  24.00-25.00  sec   468 MBytes  3924 Mbits/sec                  
[  5]  25.00-26.00  sec   464 MBytes  3891 Mbits/sec                  
[  5]  26.00-27.00  sec   520 MBytes  4365 Mbits/sec                  
[  5]  27.00-28.00  sec   679 MBytes  5692 Mbits/sec                  
[  5]  28.00-29.00  sec   636 MBytes  5331 Mbits/sec                  
[  5]  29.00-29.25  sec   143 MBytes  4866 Mbits/sec                  
- - - - - - - - - - - - - - - - - - - - - - - - -
[ ID] Interval           Transfer     Bandwidth       Retr
[  5]   0.00-29.25  sec  9.79 GBytes  2876 Mbits/sec   32             sender
[  5]   0.00-29.25  sec  9.79 GBytes  2876 Mbits/sec                  receiver
iperf3: interrupt - the server has terminated

