********* Running stringBandwidthTest *********
SwitchCount	TDF	CPU	iperf Results
Connecting to host 10.0.0.2, port 5201
[  4] local 10.0.0.1 port 35074 connected to 10.0.0.2 port 5201
[ ID] Interval           Transfer     Bandwidth       Retr  Cwnd
[  4]   0.00-1.00   sec   124 MBytes  1042 Mbits/sec    0   3.02 MBytes       
[  4]   1.00-2.00   sec   114 MBytes   954 Mbits/sec    0   5.74 MBytes       
[  4]   2.00-3.00   sec   114 MBytes   954 Mbits/sec    0   8.14 MBytes       
[  4]   3.00-4.00   sec   114 MBytes   954 Mbits/sec    0   8.14 MBytes       
[  4]   4.00-5.00   sec   115 MBytes   965 Mbits/sec    0   8.14 MBytes       
[  4]   5.00-6.00   sec   114 MBytes   954 Mbits/sec    0   8.14 MBytes       
[  4]   6.00-7.00   sec   114 MBytes   954 Mbits/sec    0   8.14 MBytes       
[  4]   7.00-8.00   sec   114 MBytes   954 Mbits/sec    0   8.14 MBytes       
[  4]   8.00-9.00   sec   114 MBytes   954 Mbits/sec    0   8.14 MBytes       
[  4]   9.00-10.00  sec   115 MBytes   965 Mbits/sec    0   8.14 MBytes       
[  4]  10.00-11.00  sec   114 MBytes   954 Mbits/sec    0   8.14 MBytes       
[  4]  11.00-12.00  sec   114 MBytes   954 Mbits/sec    0   8.14 MBytes       
[  4]  12.00-13.00  sec   114 MBytes   954 Mbits/sec    0   8.14 MBytes       
[  4]  13.00-14.00  sec   114 MBytes   954 Mbits/sec    0   8.14 MBytes       
[  4]  14.00-15.00  sec   115 MBytes   965 Mbits/sec    0   8.14 MBytes       
[  4]  15.00-16.00  sec   114 MBytes   954 Mbits/sec    0   8.14 MBytes       
[  4]  16.00-17.00  sec   114 MBytes   954 Mbits/sec    0   8.14 MBytes       
[  4]  17.00-18.00  sec   114 MBytes   954 Mbits/sec    0   8.14 MBytes       
[  4]  18.00-19.00  sec   115 MBytes   965 Mbits/sec    0   8.14 MBytes       
[  4]  19.00-20.00  sec   114 MBytes   954 Mbits/sec    0   8.14 MBytes       
[  4]  20.00-21.00  sec   114 MBytes   954 Mbits/sec    0   8.14 MBytes       
[  4]  21.00-22.00  sec   114 MBytes   954 Mbits/sec    0   8.14 MBytes       
[  4]  22.00-23.00  sec   114 MBytes   954 Mbits/sec    0   8.14 MBytes       
[  4]  23.00-24.00  sec   115 MBytes   965 Mbits/sec   15   8.14 MBytes       
[  4]  24.00-25.00  sec   114 MBytes   954 Mbits/sec    0   8.14 MBytes       
[  4]  25.00-26.00  sec   114 MBytes   954 Mbits/sec    0   8.14 MBytes       
[  4]  26.00-27.00  sec   114 MBytes   954 Mbits/sec    0   8.14 MBytes       
[  4]  27.00-28.00  sec   114 MBytes   954 Mbits/sec    0   8.14 MBytes       
[  4]  28.00-29.00  sec   115 MBytes   965 Mbits/sec    0   8.14 MBytes       
[  4]  29.00-30.00  sec   114 MBytes   954 Mbits/sec    0   8.14 MBytes       
- - - - - - - - - - - - - - - - - - - - - - - - -
[ ID] Interval           Transfer     Bandwidth       Retr
[  4]   0.00-30.00  sec  3.35 GBytes   959 Mbits/sec   15             sender
[  4]   0.00-30.00  sec  3.35 GBytes   959 Mbits/sec                  receiver

iperf Done.

-----------------------------------------------------------
Server listening on 5201
-----------------------------------------------------------
Accepted connection from 10.0.0.1, port 35073
[  5] local 10.0.0.2 port 5201 connected to 10.0.0.1 port 35074
[ ID] Interval           Transfer     Bandwidth
[  5]   0.00-1.00   sec   113 MBytes   948 Mbits/sec                  
[  5]   1.00-2.00   sec   114 MBytes   958 Mbits/sec                  
[  5]   2.00-3.00   sec   114 MBytes   957 Mbits/sec                  
[  5]   3.00-4.00   sec   114 MBytes   958 Mbits/sec                  
[  5]   4.00-5.00   sec   114 MBytes   958 Mbits/sec                  
[  5]   5.00-6.00   sec   114 MBytes   958 Mbits/sec                  
[  5]   6.00-7.00   sec   114 MBytes   958 Mbits/sec                  
[  5]   7.00-8.00   sec   114 MBytes   958 Mbits/sec                  
[  5]   8.00-9.00   sec   114 MBytes   958 Mbits/sec                  
[  5]   9.00-10.00  sec   114 MBytes   958 Mbits/sec                  
[  5]  10.00-11.00  sec   114 MBytes   958 Mbits/sec                  
[  5]  11.00-12.00  sec   114 MBytes   958 Mbits/sec                  
[  5]  12.00-13.00  sec   114 MBytes   958 Mbits/sec                  
[  5]  13.00-14.00  sec   114 MBytes   958 Mbits/sec                  
[  5]  14.00-15.00  sec   114 MBytes   958 Mbits/sec                  
[  5]  15.00-16.00  sec   114 MBytes   958 Mbits/sec                  
[  5]  16.00-17.00  sec   114 MBytes   958 Mbits/sec                  
[  5]  17.00-18.00  sec   114 MBytes   958 Mbits/sec                  
[  5]  18.00-19.00  sec   114 MBytes   958 Mbits/sec                  
[  5]  19.00-20.00  sec   114 MBytes   958 Mbits/sec                  
[  5]  20.00-21.00  sec   114 MBytes   957 Mbits/sec                  
[  5]  21.00-22.00  sec   114 MBytes   958 Mbits/sec                  
[  5]  22.00-23.00  sec   114 MBytes   958 Mbits/sec                  
[  5]  23.00-24.00  sec   114 MBytes   958 Mbits/sec                  
[  5]  24.00-25.00  sec   114 MBytes   958 Mbits/sec                  
[  5]  25.00-26.00  sec   114 MBytes   958 Mbits/sec                  
[  5]  26.00-27.00  sec   114 MBytes   958 Mbits/sec                  
[  5]  27.00-28.00  sec   114 MBytes   958 Mbits/sec                  
[  5]  28.00-29.00  sec   114 MBytes   958 Mbits/sec                  
[  5]  29.00-30.00  sec   114 MBytes   958 Mbits/sec                  
[  5]  30.00-30.03  sec  3.68 MBytes   954 Mbits/sec                  
- - - - - - - - - - - - - - - - - - - - - - - - -
[ ID] Interval           Transfer     Bandwidth       Retr
[  5]   0.00-30.03  sec  3.35 GBytes   958 Mbits/sec   15             sender
[  5]   0.00-30.03  sec  3.35 GBytes   958 Mbits/sec                  receiver
iperf3: interrupt - the server has terminated

