********* Running stringBandwidthTest *********
SwitchCount	TDF	CPU	iperf Results
RTT Avg = 9.921 ms
Connecting to host 10.0.0.2, port 5201
[  4] local 10.0.0.1 port 35404 connected to 10.0.0.2 port 5201
[ ID] Interval           Transfer     Bandwidth       Retr  Cwnd
[  4]   0.00-1.00   sec  37.0 MBytes   311 Mbits/sec    1    348 KBytes       
[  4]   1.00-2.00   sec  36.6 MBytes   307 Mbits/sec    0    352 KBytes       
[  4]   2.00-3.00   sec  38.0 MBytes   318 Mbits/sec    0    361 KBytes       
[  4]   3.00-4.00   sec  38.6 MBytes   323 Mbits/sec    0    380 KBytes       
[  4]   4.00-5.00   sec  42.3 MBytes   355 Mbits/sec    0    414 KBytes       
[  4]   5.00-6.00   sec  46.1 MBytes   387 Mbits/sec    0    464 KBytes       
[  4]   6.00-7.00   sec  53.3 MBytes   447 Mbits/sec    0    536 KBytes       
[  4]   7.00-8.00   sec  62.5 MBytes   524 Mbits/sec    0    629 KBytes       
[  4]   8.00-9.00   sec  76.2 MBytes   640 Mbits/sec    0    749 KBytes       
[  4]   9.00-10.00  sec  91.2 MBytes   765 Mbits/sec    0    901 KBytes       
[  4]  10.00-11.00  sec   111 MBytes   933 Mbits/sec    0   1.06 MBytes       
[  4]  11.00-12.00  sec   132 MBytes  1111 Mbits/sec    0   1.28 MBytes       
[  4]  12.00-13.00  sec   162 MBytes  1363 Mbits/sec    0   1.54 MBytes       
[  4]  13.00-14.00  sec   191 MBytes  1604 Mbits/sec    0   1.84 MBytes       
[  4]  14.00-15.00  sec   224 MBytes  1877 Mbits/sec    0   2.18 MBytes       
[  4]  15.00-16.00  sec   251 MBytes  2108 Mbits/sec    0   2.59 MBytes       
[  4]  16.00-17.00  sec   270 MBytes  2265 Mbits/sec    0   3.04 MBytes       
[  4]  17.00-18.00  sec   288 MBytes  2412 Mbits/sec   32   3.18 MBytes       
[  4]  18.00-19.00  sec   295 MBytes  2472 Mbits/sec    0   3.18 MBytes       
[  4]  19.00-20.00  sec   306 MBytes  2572 Mbits/sec    0   3.19 MBytes       
[  4]  20.00-21.00  sec   314 MBytes  2632 Mbits/sec    0   3.21 MBytes       
[  4]  21.00-22.00  sec   326 MBytes  2737 Mbits/sec    0   3.24 MBytes       
[  4]  22.00-23.00  sec   338 MBytes  2831 Mbits/sec    0   3.29 MBytes       
[  4]  23.00-24.00  sec   351 MBytes  2946 Mbits/sec    0   3.35 MBytes       
[  4]  24.00-25.00  sec   368 MBytes  3080 Mbits/sec    0   3.44 MBytes       
[  4]  25.00-26.00  sec   380 MBytes  3191 Mbits/sec    0   3.56 MBytes       
[  4]  26.00-27.00  sec   408 MBytes  3418 Mbits/sec    0   3.71 MBytes       
[  4]  27.00-28.00  sec   418 MBytes  3502 Mbits/sec    0   3.89 MBytes       
[  4]  28.00-29.00  sec   426 MBytes  3576 Mbits/sec    0   4.11 MBytes       
[  4]  29.00-30.00  sec   445 MBytes  3733 Mbits/sec    0   4.37 MBytes       
[  4]  30.00-31.00  sec   465 MBytes  3901 Mbits/sec    0   4.67 MBytes       
[  4]  31.00-32.00  sec   500 MBytes  4189 Mbits/sec    0   5.03 MBytes       
[  4]  32.00-33.00  sec   482 MBytes  4053 Mbits/sec    0   5.44 MBytes       
[  4]  33.00-34.00  sec   444 MBytes  3722 Mbits/sec    0   5.89 MBytes       
[  4]  34.00-35.00  sec   430 MBytes  3607 Mbits/sec    0   6.40 MBytes       
[  4]  35.00-36.00  sec   432 MBytes  3628 Mbits/sec    0   6.97 MBytes       
[  4]  36.00-37.00  sec   442 MBytes  3712 Mbits/sec    0   7.62 MBytes       
[  4]  37.00-38.00  sec   582 MBytes  4886 Mbits/sec    0   8.01 MBytes       
[  4]  38.00-39.00  sec   599 MBytes  5023 Mbits/sec    0   8.01 MBytes       
[  4]  39.00-40.00  sec   559 MBytes  4687 Mbits/sec   32   8.01 MBytes       
[  4]  40.00-41.00  sec   510 MBytes  4278 Mbits/sec    0   8.01 MBytes       
[  4]  41.00-42.00  sec   575 MBytes  4824 Mbits/sec    0   8.01 MBytes       
[  4]  42.00-43.00  sec   534 MBytes  4477 Mbits/sec    0   8.01 MBytes       
[  4]  43.00-43.85  sec   482 MBytes  4755 Mbits/sec    0   8.01 MBytes       
[  4]  43.85-45.00  sec   584 MBytes  4263 Mbits/sec    0   8.01 MBytes       
[  4]  45.00-46.00  sec   478 MBytes  4006 Mbits/sec    0   8.01 MBytes       
[  4]  46.00-47.00  sec   581 MBytes  4876 Mbits/sec    0   8.01 MBytes       
[  4]  47.00-47.59  sec   330 MBytes  4703 Mbits/sec    0   8.01 MBytes       
[  4]  47.59-49.00  sec   851 MBytes  5047 Mbits/sec   32   8.01 MBytes       
[  4]  49.00-50.00  sec   336 MBytes  2830 Mbits/sec  4105   7.19 MBytes       
[  4]  50.00-51.00  sec   110 MBytes   923 Mbits/sec  12415   8.01 MBytes       
[  4]  51.00-52.00  sec  92.5 MBytes   776 Mbits/sec  11901   3.95 MBytes       
[  4]  52.00-53.00  sec   351 MBytes  2947 Mbits/sec  559   3.95 MBytes       
[  4]  53.00-54.00  sec   362 MBytes  3041 Mbits/sec    0   3.95 MBytes       
[  4]  54.00-55.00  sec   358 MBytes  2999 Mbits/sec    0   3.96 MBytes       
[  4]  55.00-56.00  sec   271 MBytes  2275 Mbits/sec    0   3.97 MBytes       
[  4]  56.00-57.00  sec   240 MBytes  2013 Mbits/sec    0   3.97 MBytes       
[  4]  57.00-58.00  sec   285 MBytes  2391 Mbits/sec    0   3.98 MBytes       
[  4]  58.00-59.00  sec   306 MBytes  2569 Mbits/sec    0   4.00 MBytes       
[  4]  59.00-60.00  sec   261 MBytes  2192 Mbits/sec    0   4.02 MBytes       
[  4]  60.00-61.00  sec   238 MBytes  1992 Mbits/sec    0   4.07 MBytes       
[  4]  61.00-62.00  sec   235 MBytes  1971 Mbits/sec    0   4.13 MBytes       
[  4]  62.00-63.00  sec   234 MBytes  1961 Mbits/sec   32   4.16 MBytes       
[  4]  63.00-64.00  sec   235 MBytes  1971 Mbits/sec    0   4.16 MBytes       
[  4]  64.00-65.00  sec   245 MBytes  2055 Mbits/sec    0   4.17 MBytes       
[  4]  65.00-66.00  sec   238 MBytes  1992 Mbits/sec   32   4.18 MBytes       
[  4]  66.00-67.00  sec   274 MBytes  2296 Mbits/sec    0   4.18 MBytes       
[  4]  67.00-68.00  sec   238 MBytes  1992 Mbits/sec    0   4.18 MBytes       
[  4]  68.00-69.00  sec   244 MBytes  2045 Mbits/sec    0   4.19 MBytes       
[  4]  69.00-70.00  sec   248 MBytes  2076 Mbits/sec    0   4.21 MBytes       
[  4]  70.00-71.00  sec   232 MBytes  1950 Mbits/sec    0   4.25 MBytes       
[  4]  71.00-72.00  sec   216 MBytes  1814 Mbits/sec    0   4.30 MBytes       
[  4]  72.00-73.00  sec   268 MBytes  2244 Mbits/sec    0   4.37 MBytes       
[  4]  73.00-74.00  sec   232 MBytes  1950 Mbits/sec    0   4.47 MBytes       
[  4]  74.00-75.00  sec   225 MBytes  1887 Mbits/sec    0   4.59 MBytes       
[  4]  75.00-76.00  sec   219 MBytes  1835 Mbits/sec   32   4.73 MBytes       
[  4]  76.00-77.00  sec   231 MBytes  1940 Mbits/sec   45   4.73 MBytes       
[  4]  77.00-78.00  sec   255 MBytes  2139 Mbits/sec    0   4.73 MBytes       
[  4]  78.00-79.00  sec   245 MBytes  2055 Mbits/sec   32   4.74 MBytes       
[  4]  79.00-80.00  sec   245 MBytes  2055 Mbits/sec    0   4.74 MBytes       
[  4]  80.00-81.00  sec   279 MBytes  2338 Mbits/sec  237   4.74 MBytes       
[  4]  81.00-82.00  sec   276 MBytes  2317 Mbits/sec   96   4.74 MBytes       
[  4]  82.00-83.00  sec   260 MBytes  2181 Mbits/sec   32   4.74 MBytes       
[  4]  83.00-84.00  sec   245 MBytes  2055 Mbits/sec    0   4.74 MBytes       
[  4]  84.00-85.00  sec   246 MBytes  2066 Mbits/sec    0   4.75 MBytes       
[  4]  85.00-86.00  sec   199 MBytes  1667 Mbits/sec  1458   3.33 MBytes       
[  4]  86.00-87.00  sec   209 MBytes  1751 Mbits/sec   52   3.33 MBytes       
[  4]  87.00-88.00  sec   240 MBytes  2013 Mbits/sec    0   3.34 MBytes       
[  4]  88.00-89.00  sec   232 MBytes  1950 Mbits/sec    0   3.34 MBytes       
[  4]  89.00-90.00  sec   234 MBytes  1961 Mbits/sec    0   3.36 MBytes       
- - - - - - - - - - - - - - - - - - - - - - - - -
[ ID] Interval           Transfer     Bandwidth       Retr
[  4]   0.00-90.00  sec  26.0 GBytes  2477 Mbits/sec  31125             sender
[  4]   0.00-90.00  sec  26.0 GBytes  2477 Mbits/sec                  receiver

iperf Done.

-----------------------------------------------------------
Server listening on 5201
-----------------------------------------------------------
Accepted connection from 10.0.0.1, port 35403
[  5] local 10.0.0.2 port 5201 connected to 10.0.0.1 port 35404
[ ID] Interval           Transfer     Bandwidth
[  5]   0.00-1.00   sec  34.7 MBytes   291 Mbits/sec                  
[  5]   1.00-2.00   sec  37.1 MBytes   311 Mbits/sec                  
[  5]   2.00-3.00   sec  37.8 MBytes   317 Mbits/sec                  
[  5]   3.00-4.00   sec  38.8 MBytes   325 Mbits/sec                  
[  5]   4.00-5.00   sec  41.6 MBytes   349 Mbits/sec                  
[  5]   5.00-6.00   sec  46.4 MBytes   389 Mbits/sec                  
[  5]   6.00-7.00   sec  52.6 MBytes   442 Mbits/sec                  
[  5]   7.00-8.00   sec  62.5 MBytes   524 Mbits/sec                  
[  5]   8.00-9.00   sec  75.6 MBytes   634 Mbits/sec                  
[  5]   9.00-10.00  sec  91.0 MBytes   763 Mbits/sec                  
[  5]  10.00-11.00  sec   109 MBytes   918 Mbits/sec                  
[  5]  11.00-12.00  sec   133 MBytes  1116 Mbits/sec                  
[  5]  12.00-13.00  sec   160 MBytes  1345 Mbits/sec                  
[  5]  13.00-14.00  sec   190 MBytes  1594 Mbits/sec                  
[  5]  14.00-15.00  sec   225 MBytes  1890 Mbits/sec                  
[  5]  15.00-16.00  sec   266 MBytes  2230 Mbits/sec                  
[  5]  16.00-17.00  sec   287 MBytes  2410 Mbits/sec                  
[  5]  17.00-18.00  sec   325 MBytes  2719 Mbits/sec                  
[  5]  18.00-19.00  sec   326 MBytes  2740 Mbits/sec                  
[  5]  19.00-20.00  sec   331 MBytes  2778 Mbits/sec                  
[  5]  20.00-21.00  sec   346 MBytes  2901 Mbits/sec                  
[  5]  21.00-22.00  sec   355 MBytes  2979 Mbits/sec                  
[  5]  22.00-23.00  sec   376 MBytes  3153 Mbits/sec                  
[  5]  23.00-24.00  sec   393 MBytes  3292 Mbits/sec                  
[  5]  24.00-25.00  sec   405 MBytes  3403 Mbits/sec                  
[  5]  25.00-26.00  sec   414 MBytes  3472 Mbits/sec                  
[  5]  26.00-27.00  sec   440 MBytes  3691 Mbits/sec                  
[  5]  27.00-28.00  sec   452 MBytes  3791 Mbits/sec                  
[  5]  28.00-29.00  sec   478 MBytes  4007 Mbits/sec                  
[  5]  29.00-30.00  sec   516 MBytes  4326 Mbits/sec                  
[  5]  30.00-31.00  sec   525 MBytes  4404 Mbits/sec                  
[  5]  31.00-32.00  sec   510 MBytes  4278 Mbits/sec                  
[  5]  32.00-33.00  sec   443 MBytes  3722 Mbits/sec                  
[  5]  33.00-34.00  sec   441 MBytes  3700 Mbits/sec                  
[  5]  34.00-35.00  sec   448 MBytes  3762 Mbits/sec                  
[  5]  35.00-36.00  sec   520 MBytes  4361 Mbits/sec                  
[  5]  36.00-37.00  sec   606 MBytes  5090 Mbits/sec                  
[  5]  37.00-38.00  sec   649 MBytes  5441 Mbits/sec                  
[  5]  38.00-39.00  sec   528 MBytes  4433 Mbits/sec                  
[  5]  39.00-40.00  sec   566 MBytes  4744 Mbits/sec                  
[  5]  40.00-41.00  sec   642 MBytes  5394 Mbits/sec                  
[  5]  41.00-42.00  sec   542 MBytes  4545 Mbits/sec                  
[  5]  42.00-43.00  sec   563 MBytes  4720 Mbits/sec                  
[  5]  43.00-44.00  sec   465 MBytes  3904 Mbits/sec                  
[  5]  44.00-45.00  sec   628 MBytes  5270 Mbits/sec                  
[  5]  45.00-46.00  sec   590 MBytes  4948 Mbits/sec                  
[  5]  46.00-47.01  sec   640 MBytes  5343 Mbits/sec                  
[  5]  47.01-48.00  sec   353 MBytes  2972 Mbits/sec                  
[  5]  48.00-49.00  sec   111 MBytes   929 Mbits/sec                  
[  5]  49.00-50.00  sec  98.8 MBytes   829 Mbits/sec                  
[  5]  50.00-51.00  sec   374 MBytes  3136 Mbits/sec                  
[  5]  51.00-52.00  sec   390 MBytes  3267 Mbits/sec                  
[  5]  52.00-53.00  sec   382 MBytes  3202 Mbits/sec                  
[  5]  53.00-54.00  sec   257 MBytes  2152 Mbits/sec                  
[  5]  54.00-55.00  sec   265 MBytes  2225 Mbits/sec                  
[  5]  55.00-56.00  sec   316 MBytes  2651 Mbits/sec                  
[  5]  56.00-57.00  sec   300 MBytes  2518 Mbits/sec                  
[  5]  57.00-58.00  sec   247 MBytes  2072 Mbits/sec                  
[  5]  58.00-59.00  sec   238 MBytes  1992 Mbits/sec                  
[  5]  59.00-60.00  sec   236 MBytes  1977 Mbits/sec                  
[  5]  60.00-61.00  sec   235 MBytes  1975 Mbits/sec                  
[  5]  61.00-62.00  sec   239 MBytes  2003 Mbits/sec                  
[  5]  62.00-63.00  sec   247 MBytes  2069 Mbits/sec                  
[  5]  63.00-64.00  sec   263 MBytes  2203 Mbits/sec                  
[  5]  64.00-65.00  sec   260 MBytes  2183 Mbits/sec                  
[  5]  65.00-66.00  sec   239 MBytes  2005 Mbits/sec                  
[  5]  66.00-67.00  sec   254 MBytes  2132 Mbits/sec                  
[  5]  67.00-68.00  sec   247 MBytes  2071 Mbits/sec                  
[  5]  68.00-69.00  sec   222 MBytes  1862 Mbits/sec                  
[  5]  69.00-70.00  sec   230 MBytes  1933 Mbits/sec                  
[  5]  70.00-71.00  sec   272 MBytes  2286 Mbits/sec                  
[  5]  71.00-72.00  sec   220 MBytes  1847 Mbits/sec                  
[  5]  72.00-73.00  sec   230 MBytes  1929 Mbits/sec                  
[  5]  73.00-74.00  sec   219 MBytes  1836 Mbits/sec                  
[  5]  74.00-75.00  sec   259 MBytes  2174 Mbits/sec                  
[  5]  75.00-76.00  sec   249 MBytes  2085 Mbits/sec                  
[  5]  76.00-77.00  sec   247 MBytes  2073 Mbits/sec                  
[  5]  77.00-78.00  sec   259 MBytes  2169 Mbits/sec                  
[  5]  78.00-79.00  sec   283 MBytes  2374 Mbits/sec                  
[  5]  79.00-80.00  sec   301 MBytes  2527 Mbits/sec                  
[  5]  80.00-81.00  sec   243 MBytes  2042 Mbits/sec                  
[  5]  81.00-82.00  sec   251 MBytes  2103 Mbits/sec                  
[  5]  82.00-83.00  sec   250 MBytes  2100 Mbits/sec                  
[  5]  83.00-84.00  sec   168 MBytes  1412 Mbits/sec                  
[  5]  84.00-85.00  sec   250 MBytes  2100 Mbits/sec                  
[  5]  85.00-86.00  sec   253 MBytes  2119 Mbits/sec                  
[  5]  86.00-87.00  sec   239 MBytes  2003 Mbits/sec                  
[  5]  87.00-87.12  sec  26.5 MBytes  1827 Mbits/sec                  
- - - - - - - - - - - - - - - - - - - - - - - - -
[ ID] Interval           Transfer     Bandwidth       Retr
[  5]   0.00-87.12  sec  26.0 GBytes  2559 Mbits/sec  31125             sender
[  5]   0.00-87.12  sec  26.0 GBytes  2559 Mbits/sec                  receiver
iperf3: interrupt - the server has terminated

