********* Running stringBandwidthTest *********
SwitchCount	TDF	CPU	iperf Results
RTT Avg = 8.896 ms
Connecting to host 10.0.0.2, port 5201
[  4] local 10.0.0.1 port 34871 connected to 10.0.0.2 port 5201
[ ID] Interval           Transfer     Bandwidth       Retr  Cwnd
[  4]   0.00-1.00   sec  39.5 MBytes   331 Mbits/sec    0    700 KBytes       
[  4]   1.00-2.00   sec   112 MBytes   944 Mbits/sec    0   1.88 MBytes       
[  4]   2.00-3.00   sec   118 MBytes   986 Mbits/sec    0   3.15 MBytes       
[  4]   3.00-4.00   sec   114 MBytes   954 Mbits/sec    0   4.41 MBytes       
[  4]   4.00-5.00   sec   114 MBytes   954 Mbits/sec    0   5.68 MBytes       
[  4]   5.00-6.00   sec   114 MBytes   954 Mbits/sec    0   6.95 MBytes       
[  4]   6.00-7.00   sec   114 MBytes   954 Mbits/sec    0   8.04 MBytes       
[  4]   7.00-8.00   sec   115 MBytes   965 Mbits/sec    0   8.04 MBytes       
[  4]   8.00-9.00   sec   114 MBytes   954 Mbits/sec    0   8.04 MBytes       
[  4]   9.00-10.00  sec   114 MBytes   954 Mbits/sec    0   8.04 MBytes       
[  4]  10.00-11.00  sec   114 MBytes   954 Mbits/sec    0   8.04 MBytes       
[  4]  11.00-12.00  sec   114 MBytes   954 Mbits/sec    0   8.04 MBytes       
[  4]  12.00-13.00  sec   115 MBytes   965 Mbits/sec    0   8.04 MBytes       
[  4]  13.00-14.00  sec   114 MBytes   954 Mbits/sec    0   8.04 MBytes       
[  4]  14.00-15.00  sec   114 MBytes   954 Mbits/sec    0   8.04 MBytes       
[  4]  15.00-16.00  sec   114 MBytes   954 Mbits/sec    0   8.04 MBytes       
[  4]  16.00-17.00  sec   115 MBytes   965 Mbits/sec    0   8.04 MBytes       
[  4]  17.00-18.00  sec   114 MBytes   954 Mbits/sec    0   8.04 MBytes       
[  4]  18.00-19.00  sec   114 MBytes   954 Mbits/sec    0   8.04 MBytes       
[  4]  19.00-20.00  sec   114 MBytes   954 Mbits/sec    0   8.04 MBytes       
[  4]  20.00-21.00  sec   114 MBytes   954 Mbits/sec    0   8.04 MBytes       
[  4]  21.00-22.00  sec   115 MBytes   965 Mbits/sec    0   8.04 MBytes       
[  4]  22.00-23.00  sec   114 MBytes   954 Mbits/sec    0   8.04 MBytes       
[  4]  23.00-24.00  sec   114 MBytes   954 Mbits/sec    0   8.04 MBytes       
[  4]  24.00-25.00  sec   114 MBytes   954 Mbits/sec    0   8.04 MBytes       
[  4]  25.00-26.00  sec   115 MBytes   965 Mbits/sec    0   8.04 MBytes       
[  4]  26.00-27.00  sec   114 MBytes   954 Mbits/sec    0   8.04 MBytes       
[  4]  27.00-28.00  sec   114 MBytes   954 Mbits/sec    0   8.04 MBytes       
[  4]  28.00-29.00  sec   114 MBytes   954 Mbits/sec    0   8.04 MBytes       
[  4]  29.00-30.00  sec   114 MBytes   954 Mbits/sec    0   8.04 MBytes       
- - - - - - - - - - - - - - - - - - - - - - - - -
[ ID] Interval           Transfer     Bandwidth       Retr
[  4]   0.00-30.00  sec  3.27 GBytes   936 Mbits/sec    0             sender
[  4]   0.00-30.00  sec  3.27 GBytes   936 Mbits/sec                  receiver

iperf Done.

-----------------------------------------------------------
Server listening on 5201
-----------------------------------------------------------
Accepted connection from 10.0.0.1, port 34870
[  5] local 10.0.0.2 port 5201 connected to 10.0.0.1 port 34871
[ ID] Interval           Transfer     Bandwidth
[  5]   0.00-1.00   sec  35.4 MBytes   297 Mbits/sec                  
[  5]   1.00-2.00   sec   108 MBytes   902 Mbits/sec                  
[  5]   2.00-3.00   sec   114 MBytes   957 Mbits/sec                  
[  5]   3.00-4.00   sec   114 MBytes   958 Mbits/sec                  
[  5]   4.00-5.00   sec   114 MBytes   957 Mbits/sec                  
[  5]   5.00-6.00   sec   114 MBytes   957 Mbits/sec                  
[  5]   6.00-7.00   sec   114 MBytes   958 Mbits/sec                  
[  5]   7.00-8.00   sec   114 MBytes   957 Mbits/sec                  
[  5]   8.00-9.00   sec   114 MBytes   957 Mbits/sec                  
[  5]   9.00-10.00  sec   114 MBytes   957 Mbits/sec                  
[  5]  10.00-11.00  sec   114 MBytes   958 Mbits/sec                  
[  5]  11.00-12.00  sec   114 MBytes   957 Mbits/sec                  
[  5]  12.00-13.00  sec   114 MBytes   957 Mbits/sec                  
[  5]  13.00-14.00  sec   114 MBytes   957 Mbits/sec                  
[  5]  14.00-15.00  sec   114 MBytes   958 Mbits/sec                  
[  5]  15.00-16.00  sec   114 MBytes   957 Mbits/sec                  
[  5]  16.00-17.00  sec   114 MBytes   957 Mbits/sec                  
[  5]  17.00-18.00  sec   114 MBytes   958 Mbits/sec                  
[  5]  18.00-19.00  sec   114 MBytes   957 Mbits/sec                  
[  5]  19.00-20.00  sec   114 MBytes   958 Mbits/sec                  
[  5]  20.00-21.00  sec   114 MBytes   957 Mbits/sec                  
[  5]  21.00-22.00  sec   114 MBytes   957 Mbits/sec                  
[  5]  22.00-23.00  sec   114 MBytes   958 Mbits/sec                  
[  5]  23.00-24.00  sec   114 MBytes   957 Mbits/sec                  
[  5]  24.00-25.00  sec   114 MBytes   957 Mbits/sec                  
[  5]  25.00-26.00  sec   114 MBytes   958 Mbits/sec                  
[  5]  26.00-27.00  sec   114 MBytes   957 Mbits/sec                  
[  5]  27.00-28.00  sec   114 MBytes   958 Mbits/sec                  
[  5]  28.00-29.00  sec   114 MBytes   957 Mbits/sec                  
[  5]  29.00-30.00  sec   114 MBytes   957 Mbits/sec                  
[  5]  30.00-30.08  sec  8.70 MBytes   955 Mbits/sec                  
- - - - - - - - - - - - - - - - - - - - - - - - -
[ ID] Interval           Transfer     Bandwidth       Retr
[  5]   0.00-30.08  sec  3.27 GBytes   933 Mbits/sec    0             sender
[  5]   0.00-30.08  sec  3.27 GBytes   933 Mbits/sec                  receiver
iperf3: interrupt - the server has terminated

