********* Running stringBandwidthTest *********
RTT Avg = 2.274 ms
Connecting to host 10.0.0.2, port 5201
[  4] local 10.0.0.1 port 46501 connected to 10.0.0.2 port 5201
[ ID] Interval           Transfer     Bandwidth       Retr  Cwnd
[  4]   0.00-1.00   sec  38.0 MBytes   319 Mbits/sec    6   56.6 KBytes       (omitted)
[  4]   1.00-2.00   sec  56.4 MBytes   473 Mbits/sec    0   72.1 KBytes       (omitted)
[  4]   2.00-3.00   sec  60.2 MBytes   505 Mbits/sec    0   84.8 KBytes       (omitted)
[  4]   3.00-4.00   sec  63.2 MBytes   530 Mbits/sec    0   99.0 KBytes       (omitted)
[  4]   4.00-5.00   sec  91.3 MBytes   766 Mbits/sec    0    126 KBytes       (omitted)
[  4]   5.00-6.00   sec   118 MBytes   993 Mbits/sec    0    154 KBytes       (omitted)
[  4]   6.00-7.00   sec   141 MBytes  1179 Mbits/sec    0    226 KBytes       (omitted)
[  4]   7.00-8.00   sec   192 MBytes  1603 Mbits/sec    0    322 KBytes       (omitted)
[  4]   8.00-9.00   sec   220 MBytes  1850 Mbits/sec    0    444 KBytes       (omitted)
[  4]   9.00-10.00  sec   219 MBytes  1837 Mbits/sec    0    595 KBytes       (omitted)
[  4]  10.00-11.00  sec   234 MBytes  1959 Mbits/sec    0    783 KBytes       (omitted)
[  4]  11.00-12.00  sec   228 MBytes  1908 Mbits/sec    0   1008 KBytes       (omitted)
[  4]  12.00-13.00  sec   255 MBytes  2139 Mbits/sec    0   1.24 MBytes       (omitted)
[  4]  13.00-14.00  sec   239 MBytes  2003 Mbits/sec    0   1.55 MBytes       (omitted)
[  4]  14.00-15.00  sec   304 MBytes  2548 Mbits/sec   32   1.88 MBytes       (omitted)
[  4]  15.00-16.00  sec   270 MBytes  2265 Mbits/sec    0   1.88 MBytes       (omitted)
[  4]  16.00-17.00  sec   265 MBytes  2223 Mbits/sec    0   1.88 MBytes       (omitted)
[  4]  17.00-18.00  sec   280 MBytes  2349 Mbits/sec    0   1.89 MBytes       (omitted)
[  4]  18.00-19.00  sec   280 MBytes  2349 Mbits/sec    0   1.91 MBytes       (omitted)
[  4]   1.00-1.00   sec   354 MBytes  1484 Mbits/sec    0   2.00 MBytes       
[  4]   1.00-2.00   sec   312 MBytes  2621 Mbits/sec    0   2.07 MBytes       
[  4]   2.00-3.00   sec   315 MBytes  2642 Mbits/sec    0   2.17 MBytes       
[  4]   3.00-4.00   sec   325 MBytes  2726 Mbits/sec    0   2.30 MBytes       
[  4]   4.00-5.00   sec   334 MBytes  2800 Mbits/sec    0   2.45 MBytes       
[  4]   5.00-5.98   sec   350 MBytes  2986 Mbits/sec    0   2.63 MBytes       
[  4]   5.98-7.00   sec   415 MBytes  3424 Mbits/sec    0   2.88 MBytes       
[  4]   7.00-8.00   sec   431 MBytes  3618 Mbits/sec    0   3.10 MBytes       
[  4]   8.00-9.00   sec   486 MBytes  4079 Mbits/sec    0   3.11 MBytes       
[  4]   9.00-10.00  sec   378 MBytes  3167 Mbits/sec  1870   2.18 MBytes       
[  4]  10.00-11.00  sec   479 MBytes  4016 Mbits/sec    0   2.18 MBytes       
[  4]  11.00-12.00  sec   528 MBytes  4425 Mbits/sec    0   2.18 MBytes       
[  4]  12.00-13.00  sec   554 MBytes  4645 Mbits/sec    0   2.19 MBytes       
[  4]  13.00-14.00  sec   590 MBytes  4949 Mbits/sec    0   2.21 MBytes       
[  4]  14.00-15.00  sec   599 MBytes  5023 Mbits/sec    0   2.25 MBytes       
[  4]  15.00-15.98  sec   699 MBytes  6002 Mbits/sec    0   2.30 MBytes       
[  4]  15.98-16.85  sec   545 MBytes  5253 Mbits/sec    0   2.34 MBytes       
[  4]  16.85-17.91  sec   626 MBytes  4927 Mbits/sec    0   2.42 MBytes       
[  4]  17.91-18.49  sec   264 MBytes  3837 Mbits/sec    0   2.45 MBytes       
[  4]  18.49-19.57  sec   864 MBytes  6738 Mbits/sec    0   2.73 MBytes       
[  4]  19.57-20.26  sec   444 MBytes  5354 Mbits/sec    0   2.75 MBytes       
[  4]  20.26-21.73  sec   818 MBytes  4682 Mbits/sec    0   3.12 MBytes       
[  4]  21.73-22.40  sec   430 MBytes  5385 Mbits/sec    0   3.35 MBytes       
[  4]  22.40-24.00  sec   934 MBytes  4874 Mbits/sec    0   3.82 MBytes       
[  4]  24.00-24.68  sec   300 MBytes  3712 Mbits/sec    0   3.82 MBytes       
[  4]  24.68-24.68  sec  0.00 Bytes  0.00 Mbits/sec    0   3.82 MBytes       
[  4]  24.68-26.07  sec   668 MBytes  4036 Mbits/sec    5   3.83 MBytes       
[  4]  26.07-27.67  sec   998 MBytes  5236 Mbits/sec    0   3.85 MBytes       
[  4]  27.67-27.67  sec  0.00 Bytes  0.00 Mbits/sec    0   3.85 MBytes       
[  4]  27.67-28.29  sec   302 MBytes  4063 Mbits/sec    0   3.86 MBytes       
[  4]  28.29-29.22  sec   458 MBytes  4125 Mbits/sec   12   3.87 MBytes       
[  4]  29.22-30.09  sec   434 MBytes  4177 Mbits/sec    0   3.87 MBytes       
[  4]  30.09-30.69  sec   288 MBytes  4027 Mbits/sec    0   3.87 MBytes       
[  4]  30.69-32.18  sec   719 MBytes  4040 Mbits/sec    0   3.91 MBytes       
[  4]  32.18-32.63  sec   210 MBytes  3937 Mbits/sec    0   3.91 MBytes       
[  4]  32.63-33.96  sec   391 MBytes  2471 Mbits/sec    0   3.91 MBytes       
[  4]  33.96-35.66  sec   366 MBytes  1806 Mbits/sec    0   3.91 MBytes       
[  4]  35.66-35.66  sec  0.00 Bytes  0.00 Mbits/sec    0   3.91 MBytes       
[  4]  35.66-38.59  sec   669 MBytes  1917 Mbits/sec   46   3.91 MBytes       
[  4]  38.59-38.59  sec  0.00 Bytes  0.00 Mbits/sec    0   3.91 MBytes       
[  4]  38.59-38.59  sec  0.00 Bytes  0.00 Mbits/sec    0   3.91 MBytes       
[  4]  38.59-38.59  sec  0.00 Bytes  0.00 Mbits/sec    0   3.91 MBytes       
[  4]  38.59-40.59  sec   478 MBytes  1997 Mbits/sec  482   3.91 MBytes       
[  4]  40.59-40.59  sec  0.00 Bytes  0.00 Mbits/sec    0   3.91 MBytes       
[  4]  40.59-42.27  sec   380 MBytes  1899 Mbits/sec    0   3.91 MBytes       
[  4]  42.27-42.27  sec  0.00 Bytes  0.00 Mbits/sec    0   3.91 MBytes       
[  4]  42.27-43.33  sec   246 MBytes  1953 Mbits/sec    0   3.92 MBytes       
[  4]  43.33-45.84  sec   601 MBytes  2010 Mbits/sec    0   3.97 MBytes       
[  4]  45.84-45.84  sec  0.00 Bytes  0.00 Mbits/sec    0   3.97 MBytes       
[  4]  45.84-45.84  sec  0.00 Bytes  0.00 Mbits/sec    0   3.97 MBytes       
- - - - - - - - - - - - - - - - - - - - - - - - -
[ ID] Interval           Transfer     Bandwidth       Retr
[  4]   0.00-45.84  sec  19.1 GBytes  3583 Mbits/sec  2415             sender
[  4]   0.00-45.84  sec  19.1 GBytes  3575 Mbits/sec                  receiver

iperf Done.

-----------------------------------------------------------
Server listening on 5201
-----------------------------------------------------------
Accepted connection from 10.0.0.1, port 46500
[  5] local 10.0.0.2 port 5201 connected to 10.0.0.1 port 46501
[ ID] Interval           Transfer     Bandwidth
[  5]   0.00-1.00   sec  37.5 MBytes   315 Mbits/sec                  (omitted)
[  5]   1.00-2.00   sec  56.3 MBytes   472 Mbits/sec                  (omitted)
[  5]   2.00-3.00   sec  60.2 MBytes   505 Mbits/sec                  (omitted)
[  5]   3.00-4.00   sec  63.3 MBytes   531 Mbits/sec                  (omitted)
[  5]   4.00-5.00   sec  91.1 MBytes   764 Mbits/sec                  (omitted)
[  5]   5.00-6.00   sec   118 MBytes   994 Mbits/sec                  (omitted)
[  5]   6.00-7.00   sec   140 MBytes  1175 Mbits/sec                  (omitted)
[  5]   7.00-8.00   sec   191 MBytes  1599 Mbits/sec                  (omitted)
[  5]   8.00-9.00   sec   227 MBytes  1908 Mbits/sec                  (omitted)
[  5]   9.00-10.00  sec   220 MBytes  1848 Mbits/sec                  (omitted)
[  5]  10.00-11.00  sec   237 MBytes  1986 Mbits/sec                  (omitted)
[  5]  11.00-12.00  sec   227 MBytes  1906 Mbits/sec                  (omitted)
[  5]  12.00-13.00  sec   260 MBytes  2181 Mbits/sec                  (omitted)
[  5]  13.00-14.00  sec   242 MBytes  2033 Mbits/sec                  (omitted)
[  5]  14.00-15.00  sec   315 MBytes  2641 Mbits/sec                  (omitted)
[  5]  15.00-16.00  sec   262 MBytes  2201 Mbits/sec                  (omitted)
[  5]  16.00-17.00  sec   276 MBytes  2311 Mbits/sec                  (omitted)
[  5]  17.00-18.00  sec   282 MBytes  2372 Mbits/sec                  (omitted)
[  5]  18.00-19.00  sec   297 MBytes  2489 Mbits/sec                  (omitted)
[  5]  19.00-20.00  sec   260 MBytes  2184 Mbits/sec                  (omitted)
[  5]   0.00-1.00   sec   414 MBytes  3476 Mbits/sec                  
[  5]   1.00-2.00   sec   297 MBytes  2495 Mbits/sec                  
[  5]   2.00-3.00   sec   332 MBytes  2789 Mbits/sec                  
[  5]   3.00-4.00   sec   322 MBytes  2697 Mbits/sec                  
[  5]   4.00-5.00   sec   339 MBytes  2845 Mbits/sec                  
[  5]   5.00-6.00   sec   340 MBytes  2854 Mbits/sec                  
[  5]   6.00-7.00   sec   454 MBytes  3809 Mbits/sec                  
[  5]   7.00-8.01   sec   435 MBytes  3632 Mbits/sec                  
[  5]   8.01-9.00   sec   509 MBytes  4289 Mbits/sec                  
[  5]   9.00-10.00  sec   379 MBytes  3181 Mbits/sec                  
[  5]  10.00-11.00  sec   498 MBytes  4178 Mbits/sec                  
[  5]  11.00-12.00  sec   558 MBytes  4685 Mbits/sec                  
[  5]  12.00-13.00  sec   576 MBytes  4833 Mbits/sec                  
[  5]  13.00-14.00  sec   606 MBytes  5081 Mbits/sec                  
[  5]  14.00-15.00  sec   588 MBytes  4930 Mbits/sec                  
[  5]  15.00-16.00  sec   812 MBytes  6808 Mbits/sec                  
[  5]  16.00-17.00  sec   500 MBytes  4195 Mbits/sec                  
[  5]  17.00-18.00  sec   482 MBytes  4042 Mbits/sec                  
[  5]  18.00-19.00  sec   453 MBytes  3801 Mbits/sec                  
[  5]  19.00-20.00  sec   951 MBytes  7978 Mbits/sec                  
[  5]  20.00-21.00  sec   428 MBytes  3589 Mbits/sec                  
[  5]  21.00-22.00  sec   713 MBytes  5989 Mbits/sec                  
[  5]  22.00-23.00  sec   424 MBytes  3549 Mbits/sec                  
[  5]  23.00-24.00  sec   609 MBytes  5125 Mbits/sec                  
[  5]  24.00-25.00  sec   394 MBytes  3308 Mbits/sec                  
[  5]  25.00-26.00  sec   406 MBytes  3408 Mbits/sec                  
[  5]  26.00-27.00  sec   509 MBytes  4269 Mbits/sec                  
[  5]  27.00-28.00  sec   610 MBytes  5116 Mbits/sec                  
[  5]  28.00-29.00  sec   420 MBytes  3520 Mbits/sec                  
[  5]  29.00-30.00  sec   425 MBytes  3564 Mbits/sec                  
[  5]  30.00-31.00  sec   432 MBytes  3625 Mbits/sec                  
[  5]  31.00-32.00  sec   401 MBytes  3366 Mbits/sec                  
[  5]  32.00-33.00  sec   403 MBytes  3385 Mbits/sec                  
[  5]  33.00-34.00  sec   443 MBytes  3714 Mbits/sec                  
[  5]  34.00-35.00  sec   262 MBytes  2195 Mbits/sec                  
[  5]  35.00-36.00  sec   186 MBytes  1562 Mbits/sec                  
[  5]  36.00-37.00  sec   191 MBytes  1601 Mbits/sec                  
[  5]  37.00-38.00  sec   183 MBytes  1531 Mbits/sec                  
[  5]  38.00-39.00  sec   198 MBytes  1657 Mbits/sec                  
[  5]  39.00-40.00  sec   192 MBytes  1608 Mbits/sec                  
[  5]  40.00-41.00  sec   213 MBytes  1790 Mbits/sec                  
[  5]  41.00-42.00  sec   225 MBytes  1887 Mbits/sec                  
[  5]  42.00-43.00  sec   219 MBytes  1833 Mbits/sec                  
[  5]  43.00-44.00  sec   193 MBytes  1620 Mbits/sec                  
[  5]  44.00-45.00  sec   195 MBytes  1635 Mbits/sec                  
[  5]  45.00-46.00  sec   198 MBytes  1662 Mbits/sec                  
[  5]  46.00-47.00  sec   198 MBytes  1657 Mbits/sec                  
[  5]  47.00-48.00  sec   204 MBytes  1714 Mbits/sec                  
[  5]  48.00-49.00  sec   210 MBytes  1757 Mbits/sec                  
[  5]  49.00-49.06  sec  6.00 MBytes   864 Mbits/sec                  
- - - - - - - - - - - - - - - - - - - - - - - - -
[ ID] Interval           Transfer     Bandwidth       Retr
[  5]   0.00-49.06  sec  19.1 GBytes  3348 Mbits/sec  2415             sender
[  5]   0.00-49.06  sec  19.1 GBytes  3340 Mbits/sec                  receiver
iperf3: interrupt - the server has terminated

