********* Running stringBandwidthTest *********
RTT Avg = 1.493 ms
Connecting to host 10.0.0.2, port 5201
[  4] local 10.0.0.1 port 45268 connected to 10.0.0.2 port 5201
[ ID] Interval           Transfer     Bandwidth       Retr  Cwnd
[  4]   0.00-1.00   sec  32.8 MBytes   275 Mbits/sec   12   49.5 KBytes       (omitted)
[  4]   1.00-2.00   sec  48.5 MBytes   407 Mbits/sec    0   66.5 KBytes       (omitted)
[  4]   2.00-3.00   sec  55.0 MBytes   461 Mbits/sec    0   80.6 KBytes       (omitted)
[  4]   3.00-4.00   sec  56.6 MBytes   475 Mbits/sec    0   91.9 KBytes       (omitted)
[  4]   4.00-5.00   sec  73.2 MBytes   614 Mbits/sec   18    112 KBytes       (omitted)
[  4]   0.00-1.00   sec  92.4 MBytes   775 Mbits/sec    0    133 KBytes       
[  4]   1.00-2.00   sec   112 MBytes   944 Mbits/sec    0    147 KBytes       
[  4]   2.00-3.00   sec   110 MBytes   923 Mbits/sec    0    158 KBytes       
[  4]   3.00-4.00   sec   112 MBytes   941 Mbits/sec    0    171 KBytes       
[  4]   4.00-5.00   sec   113 MBytes   950 Mbits/sec    0    189 KBytes       
[  4]   5.00-6.00   sec   114 MBytes   956 Mbits/sec    0    249 KBytes       
[  4]   6.00-7.00   sec   114 MBytes   957 Mbits/sec    0    329 KBytes       
[  4]   7.00-8.00   sec   115 MBytes   964 Mbits/sec    0    434 KBytes       
[  4]   8.00-9.00   sec   114 MBytes   958 Mbits/sec    0    568 KBytes       
[  4]   9.00-10.00  sec   115 MBytes   963 Mbits/sec    0    735 KBytes       
[  4]  10.00-11.00  sec   115 MBytes   965 Mbits/sec    0    936 KBytes       
[  4]  11.00-12.00  sec   115 MBytes   965 Mbits/sec    0   1.15 MBytes       
[  4]  12.00-13.00  sec   115 MBytes   965 Mbits/sec    0   1.42 MBytes       
[  4]  13.00-14.00  sec   115 MBytes   965 Mbits/sec    0   1.74 MBytes       
[  4]  14.00-15.00  sec   115 MBytes   965 Mbits/sec    0   2.11 MBytes       
[  4]  15.00-16.00  sec   116 MBytes   975 Mbits/sec    0   2.52 MBytes       
[  4]  16.00-17.00  sec   115 MBytes   965 Mbits/sec    0   2.99 MBytes       
[  4]  17.00-18.00  sec   114 MBytes   954 Mbits/sec    0   3.51 MBytes       
[  4]  18.00-19.00  sec   114 MBytes   954 Mbits/sec    0   4.10 MBytes       
[  4]  19.00-20.00  sec   114 MBytes   954 Mbits/sec    0   4.74 MBytes       
[  4]  20.00-21.00  sec   114 MBytes   954 Mbits/sec    0   5.46 MBytes       
[  4]  21.00-22.00  sec   115 MBytes   965 Mbits/sec    0   6.24 MBytes       
[  4]  22.00-23.00  sec   114 MBytes   954 Mbits/sec    0   7.09 MBytes       
[  4]  23.00-24.00  sec   114 MBytes   954 Mbits/sec    0   8.01 MBytes       
[  4]  24.00-25.00  sec   114 MBytes   954 Mbits/sec    0   8.02 MBytes       
[  4]  25.00-26.00  sec   114 MBytes   954 Mbits/sec    0   8.02 MBytes       
[  4]  26.00-27.00  sec   115 MBytes   965 Mbits/sec    0   8.02 MBytes       
[  4]  27.00-28.00  sec   114 MBytes   954 Mbits/sec    0   8.02 MBytes       
[  4]  28.00-29.00  sec   114 MBytes   954 Mbits/sec    0   8.02 MBytes       
[  4]  29.00-30.00  sec   114 MBytes   954 Mbits/sec    0   8.02 MBytes       
[  4]  30.00-31.00  sec   115 MBytes   965 Mbits/sec    0   8.02 MBytes       
[  4]  31.00-32.00  sec   114 MBytes   954 Mbits/sec    0   8.02 MBytes       
- - - - - - - - - - - - - - - - - - - - - - - - -
[ ID] Interval           Transfer     Bandwidth       Retr
[  4]   0.00-32.00  sec  3.54 GBytes   951 Mbits/sec    0             sender
[  4]   0.00-32.00  sec  3.54 GBytes   951 Mbits/sec                  receiver

iperf Done.

-----------------------------------------------------------
Server listening on 5201
-----------------------------------------------------------
Accepted connection from 10.0.0.1, port 45267
[  5] local 10.0.0.2 port 5201 connected to 10.0.0.1 port 45268
[ ID] Interval           Transfer     Bandwidth
[  5]   0.00-1.00   sec  32.5 MBytes   272 Mbits/sec                  (omitted)
[  5]   1.00-2.00   sec  48.6 MBytes   407 Mbits/sec                  (omitted)
[  5]   2.00-3.00   sec  54.8 MBytes   460 Mbits/sec                  (omitted)
[  5]   3.00-4.00   sec  56.4 MBytes   473 Mbits/sec                  (omitted)
[  5]   4.00-5.00   sec  73.1 MBytes   613 Mbits/sec                  (omitted)
[  5]   0.00-1.00   sec  92.4 MBytes   775 Mbits/sec                  
[  5]   1.00-2.00   sec   112 MBytes   942 Mbits/sec                  
[  5]   2.00-3.00   sec   110 MBytes   924 Mbits/sec                  
[  5]   3.00-4.00   sec   112 MBytes   938 Mbits/sec                  
[  5]   4.00-5.00   sec   113 MBytes   950 Mbits/sec                  
[  5]   5.00-6.00   sec   114 MBytes   956 Mbits/sec                  
[  5]   6.00-7.00   sec   113 MBytes   952 Mbits/sec                  
[  5]   7.00-8.00   sec   114 MBytes   956 Mbits/sec                  
[  5]   8.00-9.00   sec   114 MBytes   956 Mbits/sec                  
[  5]   9.00-10.00  sec   114 MBytes   956 Mbits/sec                  
[  5]  10.00-11.00  sec   114 MBytes   957 Mbits/sec                  
[  5]  11.00-12.00  sec   114 MBytes   957 Mbits/sec                  
[  5]  12.00-13.00  sec   114 MBytes   954 Mbits/sec                  
[  5]  13.00-14.00  sec   114 MBytes   957 Mbits/sec                  
[  5]  14.00-15.00  sec   114 MBytes   953 Mbits/sec                  
[  5]  15.00-16.00  sec   114 MBytes   955 Mbits/sec                  
[  5]  16.00-17.00  sec   114 MBytes   955 Mbits/sec                  
[  5]  17.00-18.00  sec   114 MBytes   953 Mbits/sec                  
[  5]  18.00-19.00  sec   114 MBytes   953 Mbits/sec                  
[  5]  19.00-20.00  sec   114 MBytes   956 Mbits/sec                  
[  5]  20.00-21.00  sec   114 MBytes   957 Mbits/sec                  
[  5]  21.00-22.00  sec   114 MBytes   954 Mbits/sec                  
[  5]  22.00-23.00  sec   114 MBytes   955 Mbits/sec                  
[  5]  23.00-24.00  sec   114 MBytes   955 Mbits/sec                  
[  5]  24.00-25.00  sec   114 MBytes   956 Mbits/sec                  
[  5]  25.00-26.00  sec   114 MBytes   955 Mbits/sec                  
[  5]  26.00-27.00  sec   114 MBytes   956 Mbits/sec                  
[  5]  27.00-28.00  sec   114 MBytes   957 Mbits/sec                  
[  5]  28.00-29.00  sec   114 MBytes   955 Mbits/sec                  
[  5]  29.00-30.00  sec   114 MBytes   956 Mbits/sec                  
[  5]  30.00-31.00  sec   114 MBytes   957 Mbits/sec                  
[  5]  31.00-32.00  sec   114 MBytes   954 Mbits/sec                  
[  5]  32.00-32.12  sec  13.5 MBytes   955 Mbits/sec                  
- - - - - - - - - - - - - - - - - - - - - - - - -
[ ID] Interval           Transfer     Bandwidth       Retr
[  5]   0.00-32.12  sec  3.54 GBytes   948 Mbits/sec    0             sender
[  5]   0.00-32.12  sec  3.54 GBytes   948 Mbits/sec                  receiver
iperf3: interrupt - the server has terminated

