********* Running stringBandwidthTest *********
Connecting to host 10.0.0.2, port 5201
[  4] local 10.0.0.1 port 45451 connected to 10.0.0.2 port 5201
[ ID] Interval           Transfer     Bandwidth       Retr  Cwnd
[  4]   0.00-1.00   sec   238 MBytes  1993 Mbits/sec    0   2.71 MBytes       (omitted)
[  4]   1.00-2.00   sec   229 MBytes  1919 Mbits/sec    0   5.44 MBytes       (omitted)
[  4]   2.00-3.00   sec   228 MBytes  1908 Mbits/sec    0   8.01 MBytes       (omitted)
[  4]   3.00-4.00   sec   229 MBytes  1919 Mbits/sec    0   8.01 MBytes       (omitted)
[  4]   1.00-1.00   sec   228 MBytes   954 Mbits/sec    0   8.01 MBytes       
[  4]   1.00-2.00   sec   229 MBytes  1919 Mbits/sec    0   8.01 MBytes       
[  4]   2.00-3.00   sec   228 MBytes  1908 Mbits/sec    0   8.01 MBytes       
[  4]   3.00-4.00   sec   229 MBytes  1919 Mbits/sec    0   8.01 MBytes       
[  4]   4.00-5.00   sec   228 MBytes  1908 Mbits/sec    0   8.01 MBytes       
[  4]   5.00-6.00   sec   228 MBytes  1908 Mbits/sec    0   8.01 MBytes       
[  4]   6.00-7.00   sec   229 MBytes  1919 Mbits/sec    0   8.01 MBytes       
[  4]   7.00-8.00   sec   228 MBytes  1908 Mbits/sec    0   8.01 MBytes       
[  4]   8.00-9.00   sec   228 MBytes  1908 Mbits/sec    0   8.01 MBytes       
[  4]   9.00-10.00  sec   229 MBytes  1919 Mbits/sec    0   8.01 MBytes       
[  4]  10.00-11.00  sec   228 MBytes  1908 Mbits/sec    0   8.01 MBytes       
[  4]  11.00-12.00  sec   229 MBytes  1919 Mbits/sec    0   8.01 MBytes       
[  4]  12.00-13.00  sec   228 MBytes  1908 Mbits/sec    0   8.01 MBytes       
[  4]  13.00-14.00  sec   229 MBytes  1919 Mbits/sec    0   8.01 MBytes       
[  4]  14.00-15.00  sec   228 MBytes  1908 Mbits/sec    0   8.01 MBytes       
[  4]  15.00-16.00  sec   228 MBytes  1908 Mbits/sec    0   8.01 MBytes       
[  4]  16.00-17.00  sec   229 MBytes  1919 Mbits/sec    0   8.01 MBytes       
[  4]  17.00-18.00  sec   228 MBytes  1908 Mbits/sec    0   8.01 MBytes       
[  4]  18.00-19.00  sec   228 MBytes  1908 Mbits/sec    0   8.01 MBytes       
[  4]  19.00-20.00  sec   229 MBytes  1919 Mbits/sec    0   8.01 MBytes       
[  4]  20.00-21.00  sec   228 MBytes  1908 Mbits/sec    0   8.01 MBytes       
[  4]  21.00-22.00  sec   229 MBytes  1919 Mbits/sec    0   8.01 MBytes       
[  4]  22.00-23.00  sec   228 MBytes  1908 Mbits/sec    0   8.01 MBytes       
[  4]  23.00-24.00  sec   229 MBytes  1919 Mbits/sec    0   8.01 MBytes       
[  4]  24.00-25.00  sec   228 MBytes  1908 Mbits/sec    0   8.01 MBytes       
[  4]  25.00-26.00  sec   228 MBytes  1908 Mbits/sec    0   8.01 MBytes       
[  4]  26.00-27.00  sec   229 MBytes  1919 Mbits/sec    0   8.01 MBytes       
[  4]  27.00-28.00  sec   228 MBytes  1908 Mbits/sec    0   8.01 MBytes       
[  4]  28.00-29.00  sec   229 MBytes  1919 Mbits/sec    0   8.01 MBytes       
[  4]  29.00-30.00  sec   228 MBytes  1908 Mbits/sec    0   8.01 MBytes       
[  4]  30.00-31.00  sec   228 MBytes  1908 Mbits/sec    0   8.01 MBytes       
[  4]  31.00-32.00  sec   229 MBytes  1919 Mbits/sec    0   8.01 MBytes       
- - - - - - - - - - - - - - - - - - - - - - - - -
[ ID] Interval           Transfer     Bandwidth       Retr
[  4]   0.00-32.00  sec  7.13 GBytes  1913 Mbits/sec    0             sender
[  4]   0.00-32.00  sec  7.13 GBytes  1915 Mbits/sec                  receiver

iperf Done.

-----------------------------------------------------------
Server listening on 5201
-----------------------------------------------------------
Accepted connection from 10.0.0.1, port 45450
[  5] local 10.0.0.2 port 5201 connected to 10.0.0.1 port 45451
[ ID] Interval           Transfer     Bandwidth
[  5]   0.00-1.00   sec   227 MBytes  1905 Mbits/sec                  (omitted)
[  5]   1.00-2.00   sec   228 MBytes  1913 Mbits/sec                  (omitted)
[  5]   2.00-3.00   sec   228 MBytes  1912 Mbits/sec                  (omitted)
[  5]   3.00-4.00   sec   228 MBytes  1912 Mbits/sec                  (omitted)
[  5]   4.00-5.00   sec   228 MBytes  1913 Mbits/sec                  (omitted)
[  5]   0.00-1.00   sec   228 MBytes  1909 Mbits/sec                  
[  5]   1.00-2.00   sec   228 MBytes  1909 Mbits/sec                  
[  5]   2.00-3.00   sec   228 MBytes  1911 Mbits/sec                  
[  5]   3.00-4.00   sec   227 MBytes  1908 Mbits/sec                  
[  5]   4.00-5.00   sec   228 MBytes  1912 Mbits/sec                  
[  5]   5.00-6.00   sec   228 MBytes  1910 Mbits/sec                  
[  5]   6.00-7.00   sec   228 MBytes  1912 Mbits/sec                  
[  5]   7.00-8.00   sec   228 MBytes  1911 Mbits/sec                  
[  5]   8.00-9.00   sec   228 MBytes  1909 Mbits/sec                  
[  5]   9.00-10.00  sec   227 MBytes  1907 Mbits/sec                  
[  5]  10.00-11.00  sec   228 MBytes  1909 Mbits/sec                  
[  5]  11.00-12.00  sec   228 MBytes  1908 Mbits/sec                  
[  5]  12.00-13.00  sec   227 MBytes  1907 Mbits/sec                  
[  5]  13.00-14.00  sec   228 MBytes  1912 Mbits/sec                  
[  5]  14.00-15.00  sec   228 MBytes  1911 Mbits/sec                  
[  5]  15.00-16.00  sec   228 MBytes  1913 Mbits/sec                  
[  5]  16.00-17.00  sec   228 MBytes  1911 Mbits/sec                  
[  5]  17.00-18.00  sec   228 MBytes  1912 Mbits/sec                  
[  5]  18.00-19.00  sec   228 MBytes  1911 Mbits/sec                  
[  5]  19.00-20.00  sec   228 MBytes  1911 Mbits/sec                  
[  5]  20.00-21.00  sec   228 MBytes  1912 Mbits/sec                  
[  5]  21.00-22.00  sec   228 MBytes  1913 Mbits/sec                  
[  5]  22.00-23.00  sec   228 MBytes  1910 Mbits/sec                  
[  5]  23.00-24.00  sec   227 MBytes  1908 Mbits/sec                  
[  5]  24.00-25.00  sec   228 MBytes  1912 Mbits/sec                  
[  5]  25.00-26.00  sec   227 MBytes  1907 Mbits/sec                  
[  5]  26.00-27.00  sec   228 MBytes  1912 Mbits/sec                  
[  5]  27.00-28.00  sec   228 MBytes  1913 Mbits/sec                  
[  5]  28.00-29.00  sec   228 MBytes  1909 Mbits/sec                  
[  5]  29.00-30.00  sec   228 MBytes  1909 Mbits/sec                  
[  5]  30.00-31.00  sec   228 MBytes  1910 Mbits/sec                  
[  5]  31.00-32.00  sec   228 MBytes  1911 Mbits/sec                  
[  5]  32.00-32.08  sec  19.0 MBytes  1907 Mbits/sec                  
- - - - - - - - - - - - - - - - - - - - - - - - -
[ ID] Interval           Transfer     Bandwidth       Retr
[  5]   0.00-32.08  sec  7.13 GBytes  1908 Mbits/sec    0             sender
[  5]   0.00-32.08  sec  7.13 GBytes  1910 Mbits/sec                  receiver
iperf3: interrupt - the server has terminated

