********* Running stringBandwidthTest *********
RTT Avg = 1.412 ms
Connecting to host 10.0.0.2, port 5201
[  4] local 10.0.0.1 port 46442 connected to 10.0.0.2 port 5201
[ ID] Interval           Transfer     Bandwidth       Retr  Cwnd
[  4]   0.00-1.00   sec  45.9 MBytes   385 Mbits/sec   14   58.0 KBytes       (omitted)
[  4]   1.00-2.00   sec  56.5 MBytes   474 Mbits/sec    0   69.3 KBytes       (omitted)
[  4]   2.00-3.00   sec  59.8 MBytes   501 Mbits/sec    0   83.4 KBytes       (omitted)
[  4]   3.00-4.00   sec  59.7 MBytes   501 Mbits/sec    0   94.7 KBytes       (omitted)
[  4]   4.00-5.00   sec  87.3 MBytes   732 Mbits/sec    0    122 KBytes       (omitted)
[  4]   5.00-6.00   sec   115 MBytes   965 Mbits/sec    0    140 KBytes       (omitted)
[  4]   6.00-7.00   sec   118 MBytes   993 Mbits/sec    0    154 KBytes       (omitted)
[  4]   7.00-8.00   sec   119 MBytes   998 Mbits/sec    0    167 KBytes       (omitted)
[  4]   8.00-9.00   sec   118 MBytes   994 Mbits/sec    0    178 KBytes       (omitted)
[  4]   9.00-10.00  sec   169 MBytes  1416 Mbits/sec    0    253 KBytes       (omitted)
[  4]  10.00-11.00  sec   238 MBytes  1996 Mbits/sec    0    354 KBytes       (omitted)
[  4]  11.00-12.00  sec   253 MBytes  2119 Mbits/sec    0    484 KBytes       (omitted)
[  4]  12.00-13.00  sec   264 MBytes  2218 Mbits/sec    0    643 KBytes       (omitted)
[  4]  13.00-14.00  sec   285 MBytes  2391 Mbits/sec    0    833 KBytes       (omitted)
[  4]  14.00-15.00  sec   335 MBytes  2810 Mbits/sec    0   1.04 MBytes       (omitted)
[  4]  15.00-16.00  sec   351 MBytes  2946 Mbits/sec    0   1.31 MBytes       (omitted)
[  4]  16.00-17.00  sec   375 MBytes  3146 Mbits/sec    0   1.62 MBytes       (omitted)
[  4]  17.00-18.00  sec   391 MBytes  3282 Mbits/sec    0   1.98 MBytes       (omitted)
[  4]  18.00-19.00  sec   405 MBytes  3397 Mbits/sec    0   2.38 MBytes       (omitted)
[  4]  19.00-20.00  sec   359 MBytes  3009 Mbits/sec    0   2.85 MBytes       (omitted)
[  4]   0.00-1.00   sec   642 MBytes  5389 Mbits/sec   32   2.91 MBytes       
[  4]   1.00-2.00   sec   504 MBytes  4226 Mbits/sec    0   2.91 MBytes       
[  4]   2.00-3.00   sec   612 MBytes  5138 Mbits/sec    0   2.92 MBytes       
[  4]   3.00-4.00   sec   586 MBytes  4918 Mbits/sec    0   2.94 MBytes       
[  4]   4.00-5.00   sec   779 MBytes  6533 Mbits/sec    0   2.97 MBytes       
[  4]   5.00-6.00   sec   831 MBytes  6973 Mbits/sec    0   3.02 MBytes       
[  4]   6.00-7.00   sec   866 MBytes  7267 Mbits/sec    0   3.09 MBytes       
[  4]   7.00-8.00   sec   815 MBytes  6826 Mbits/sec    0   3.19 MBytes       
[  4]   8.00-9.00   sec   818 MBytes  6869 Mbits/sec    0   3.32 MBytes       
[  4]   9.00-10.00  sec   818 MBytes  6858 Mbits/sec    0   3.48 MBytes       
[  4]  10.00-11.00  sec   824 MBytes  6910 Mbits/sec    0   3.69 MBytes       
[  4]  11.00-11.87  sec   719 MBytes  6921 Mbits/sec    0   3.89 MBytes       
[  4]  11.87-12.85  sec   879 MBytes  7551 Mbits/sec    0   4.15 MBytes       
[  4]  12.85-13.42  sec   524 MBytes  7649 Mbits/sec    0   4.37 MBytes       
[  4]  13.42-15.00  sec  1.32 GBytes  7181 Mbits/sec    0   4.37 MBytes       
[  4]  15.00-15.30  sec   252 MBytes  7172 Mbits/sec    0   4.37 MBytes       
[  4]  15.30-16.36  sec   770 MBytes  6084 Mbits/sec    0   4.38 MBytes       
[  4]  16.36-17.43  sec   948 MBytes  7384 Mbits/sec    0   4.41 MBytes       
[  4]  17.43-19.00  sec  1.27 GBytes  6969 Mbits/sec    0   4.48 MBytes       
[  4]  19.00-20.00  sec   824 MBytes  6910 Mbits/sec    0   4.55 MBytes       
[  4]  20.00-20.59  sec   518 MBytes  7387 Mbits/sec    0   4.60 MBytes       
[  4]  20.59-22.00  sec  1.13 GBytes  6860 Mbits/sec    0   4.77 MBytes       
[  4]  22.00-22.21  sec   164 MBytes  6415 Mbits/sec    0   4.80 MBytes       
[  4]  22.21-23.38  sec   992 MBytes  7142 Mbits/sec    0   5.00 MBytes       
[  4]  23.38-23.84  sec   404 MBytes  7337 Mbits/sec    0   5.00 MBytes       
[  4]  23.84-25.21  sec  1.14 GBytes  7167 Mbits/sec    0   5.42 MBytes       
[  4]  25.21-26.52  sec  1.12 GBytes  7342 Mbits/sec    0   5.84 MBytes       
[  4]  26.52-27.16  sec   611 MBytes  8132 Mbits/sec    0   6.06 MBytes       
[  4]  27.16-27.95  sec   651 MBytes  6847 Mbits/sec    0   6.41 MBytes       
[  4]  27.95-28.65  sec   595 MBytes  7138 Mbits/sec    0   6.70 MBytes       
[  4]  28.65-30.03  sec   862 MBytes  5240 Mbits/sec    0   6.75 MBytes       
[  4]  30.03-32.00  sec   410 MBytes  1747 Mbits/sec   45   6.75 MBytes       
[  4]  32.00-33.00  sec   219 MBytes  1839 Mbits/sec    0   6.75 MBytes       
[  4]  33.00-33.58  sec   122 MBytes  1773 Mbits/sec  920   6.75 MBytes       
[  4]  33.58-33.58  sec  0.00 Bytes  0.00 Mbits/sec    0   6.75 MBytes       
[  4]  33.58-35.60  sec   418 MBytes  1735 Mbits/sec    0   6.75 MBytes       
[  4]  35.60-35.60  sec  0.00 Bytes  0.00 Mbits/sec    0   6.75 MBytes       
[  4]  35.60-35.60  sec  0.00 Bytes  0.00 Mbits/sec    0   6.75 MBytes       
[  4]  35.60-39.00  sec   482 MBytes  1190 Mbits/sec  12068   6.76 MBytes       
[  4]  39.00-40.00  sec   219 MBytes  1835 Mbits/sec  1724   4.15 MBytes       
[  4]  40.00-41.00  sec   145 MBytes  1216 Mbits/sec  1072   3.31 MBytes       
[  4]  41.00-42.00  sec   290 MBytes  2434 Mbits/sec    0   3.31 MBytes       
[  4]  42.00-43.00  sec   338 MBytes  2831 Mbits/sec    0   3.32 MBytes       
[  4]  43.00-44.00  sec   349 MBytes  2926 Mbits/sec    0   3.32 MBytes       
[  4]  44.00-44.84  sec   306 MBytes  3072 Mbits/sec    0   3.32 MBytes       
[  4]  44.84-44.84  sec  0.00 Bytes  0.00 Mbits/sec    0   3.32 MBytes       
[  4]  44.84-44.84  sec  0.00 Bytes  0.00 Mbits/sec    0   3.32 MBytes       
[  4]  44.84-46.56  sec   488 MBytes  2378 Mbits/sec    0   3.34 MBytes       
[  4]  46.56-46.56  sec  0.00 Bytes  0.00 Mbits/sec    0   3.34 MBytes       
[  4]  46.56-47.07  sec   124 MBytes  2049 Mbits/sec    0   3.35 MBytes       
- - - - - - - - - - - - - - - - - - - - - - - - -
[ ID] Interval           Transfer     Bandwidth       Retr
[  4]   0.00-47.07  sec  27.2 GBytes  4963 Mbits/sec  15861             sender
[  4]   0.00-47.07  sec  27.1 GBytes  4952 Mbits/sec                  receiver

iperf Done.

-----------------------------------------------------------
Server listening on 5201
-----------------------------------------------------------
Accepted connection from 10.0.0.1, port 46441
[  5] local 10.0.0.2 port 5201 connected to 10.0.0.1 port 46442
[ ID] Interval           Transfer     Bandwidth
[  5]   0.00-1.00   sec  45.6 MBytes   383 Mbits/sec                  (omitted)
[  5]   1.00-2.00   sec  56.4 MBytes   473 Mbits/sec                  (omitted)
[  5]   2.00-3.00   sec  59.8 MBytes   502 Mbits/sec                  (omitted)
[  5]   3.00-4.00   sec  59.5 MBytes   499 Mbits/sec                  (omitted)
[  5]   4.00-5.00   sec  87.3 MBytes   732 Mbits/sec                  (omitted)
[  5]   5.00-6.00   sec   115 MBytes   967 Mbits/sec                  (omitted)
[  5]   6.00-7.00   sec   118 MBytes   992 Mbits/sec                  (omitted)
[  5]   7.00-8.00   sec   119 MBytes   998 Mbits/sec                  (omitted)
[  5]   8.00-9.00   sec   119 MBytes   995 Mbits/sec                  (omitted)
[  5]   9.00-10.00  sec   169 MBytes  1417 Mbits/sec                  (omitted)
[  5]  10.00-11.00  sec   238 MBytes  2000 Mbits/sec                  (omitted)
[  5]  11.00-12.00  sec   265 MBytes  2227 Mbits/sec                  (omitted)
[  5]  12.00-13.00  sec   271 MBytes  2276 Mbits/sec                  (omitted)
[  5]  13.00-14.00  sec   292 MBytes  2451 Mbits/sec                  (omitted)
[  5]  14.00-15.00  sec   336 MBytes  2816 Mbits/sec                  (omitted)
[  5]  15.00-16.00  sec   353 MBytes  2965 Mbits/sec                  (omitted)
[  5]  16.00-17.00  sec   384 MBytes  3220 Mbits/sec                  (omitted)
[  5]  17.00-18.00  sec   401 MBytes  3364 Mbits/sec                  (omitted)
[  5]  18.00-19.00  sec   395 MBytes  3316 Mbits/sec                  (omitted)
[  5]   1.00-1.00   sec   713 MBytes  2987 Mbits/sec                  
[  5]   1.00-2.00   sec   499 MBytes  4187 Mbits/sec                  
[  5]   2.00-3.00   sec   692 MBytes  5809 Mbits/sec                  
[  5]   3.00-3.71   sec   401 MBytes  4756 Mbits/sec                  
[  5]   3.71-5.00   sec   755 MBytes  4896 Mbits/sec                  
[  5]   5.00-6.00   sec   576 MBytes  4827 Mbits/sec                  
[  5]   6.00-6.19   sec   240 MBytes  10834 Mbits/sec                  
[  5]   6.19-7.66   sec  1.65 GBytes  9581 Mbits/sec                  
[  5]   7.66-9.00   sec   771 MBytes  4838 Mbits/sec                  
[  5]   9.00-10.00  sec  1.12 GBytes  9617 Mbits/sec                  
[  5]  10.00-11.00  sec   709 MBytes  5968 Mbits/sec                  
[  5]  11.00-12.00  sec  1.61 GBytes  13846 Mbits/sec                  
[  5]  12.00-13.00  sec   433 MBytes  3633 Mbits/sec                  
[  5]  13.00-14.00  sec  1.69 GBytes  14554 Mbits/sec                  
[  5]  14.00-14.32  sec   149 MBytes  3899 Mbits/sec                  
[  5]  14.32-14.32  sec  0.00 Bytes  0.00 Mbits/sec                  
[  5]  14.32-17.00  sec  1.95 GBytes  6240 Mbits/sec                  
[  5]  17.00-18.00  sec   784 MBytes  6574 Mbits/sec                  
[  5]  18.00-18.55  sec   555 MBytes  8457 Mbits/sec                  
[  5]  18.55-18.55  sec  0.00 Bytes  0.00 Mbits/sec                  
[  5]  18.55-18.55  sec  0.00 Bytes  0.00 Mbits/sec                  
[  5]  18.55-22.00  sec  3.43 GBytes  8551 Mbits/sec                  
[  5]  22.00-23.00  sec   996 MBytes  8353 Mbits/sec                  
[  5]  23.00-24.00  sec   575 MBytes  4831 Mbits/sec                  
[  5]  24.00-25.00  sec  1.46 GBytes  12541 Mbits/sec                  
[  5]  25.00-25.03  sec  31.4 MBytes  8532 Mbits/sec                  
[  5]  25.03-25.03  sec  0.00 Bytes  0.00 Mbits/sec                  
[  5]  25.03-25.03  sec  0.00 Bytes  0.00 Mbits/sec                  
[  5]  25.03-25.03  sec  0.00 Bytes  0.00 Mbits/sec                  
[  5]  25.03-30.00  sec  2.27 GBytes  3926 Mbits/sec                  
[  5]  30.00-31.00  sec   205 MBytes  1723 Mbits/sec                  
[  5]  31.00-32.00  sec   169 MBytes  1417 Mbits/sec                  
[  5]  32.00-33.00  sec   186 MBytes  1560 Mbits/sec                  
[  5]  33.00-34.00  sec   189 MBytes  1584 Mbits/sec                  
[  5]  34.00-35.00  sec   170 MBytes  1426 Mbits/sec                  
[  5]  35.00-36.00  sec  72.7 MBytes   610 Mbits/sec                  
[  5]  36.00-37.00  sec   153 MBytes  1284 Mbits/sec                  
[  5]  37.00-38.00  sec   161 MBytes  1344 Mbits/sec                  
[  5]  38.00-39.00  sec   184 MBytes  1553 Mbits/sec                  
[  5]  39.00-40.00  sec   277 MBytes  2320 Mbits/sec                  
[  5]  40.00-41.00  sec   351 MBytes  2942 Mbits/sec                  
[  5]  41.00-42.00  sec   421 MBytes  3531 Mbits/sec                  
[  5]  42.00-43.00  sec   291 MBytes  2441 Mbits/sec                  
[  5]  43.00-44.00  sec   263 MBytes  2204 Mbits/sec                  
[  5]  44.00-45.00  sec   242 MBytes  2028 Mbits/sec                  
[  5]  45.00-45.13  sec  19.5 MBytes  1266 Mbits/sec                  
- - - - - - - - - - - - - - - - - - - - - - - - -
[ ID] Interval           Transfer     Bandwidth       Retr
[  5]   0.00-45.13  sec  27.2 GBytes  5176 Mbits/sec  15861             sender
[  5]   0.00-45.13  sec  27.1 GBytes  5165 Mbits/sec                  receiver
iperf3: interrupt - the server has terminated

