********* Running stringBandwidthTest *********
RTT Avg = 1.319 ms
Connecting to host 10.0.0.2, port 5201
[  4] local 10.0.0.1 port 45328 connected to 10.0.0.2 port 5201
[ ID] Interval           Transfer     Bandwidth       Retr  Cwnd
[  4]   0.00-1.00   sec  43.5 MBytes   365 Mbits/sec    6   56.6 KBytes       (omitted)
[  4]   1.00-2.00   sec  60.9 MBytes   511 Mbits/sec    0   73.5 KBytes       (omitted)
[  4]   2.00-3.00   sec  61.8 MBytes   518 Mbits/sec    0   87.7 KBytes       (omitted)
[  4]   3.00-4.00   sec  70.1 MBytes   588 Mbits/sec    0    103 KBytes       (omitted)
[  4]   1.00-1.00   sec   125 MBytes   524 Mbits/sec    0    154 KBytes       
[  4]   1.00-2.00   sec   150 MBytes  1262 Mbits/sec    0    225 KBytes       
[  4]   2.00-3.00   sec   212 MBytes  1779 Mbits/sec    0    318 KBytes       
[  4]   3.00-4.00   sec   228 MBytes  1912 Mbits/sec    0    437 KBytes       
[  4]   4.00-5.00   sec   229 MBytes  1920 Mbits/sec    0    588 KBytes       
[  4]   5.00-6.00   sec   228 MBytes  1915 Mbits/sec    0    778 KBytes       
[  4]   6.00-7.00   sec   229 MBytes  1919 Mbits/sec    0   1000 KBytes       
[  4]   7.00-8.00   sec   230 MBytes  1929 Mbits/sec    0   1.23 MBytes       
[  4]   8.00-9.00   sec   229 MBytes  1920 Mbits/sec    0   1.53 MBytes       
[  4]   9.00-10.00  sec   229 MBytes  1919 Mbits/sec    0   1.88 MBytes       
[  4]  10.00-11.00  sec   230 MBytes  1929 Mbits/sec    0   2.27 MBytes       
[  4]  11.00-12.00  sec   230 MBytes  1929 Mbits/sec    0   2.72 MBytes       
[  4]  12.00-13.00  sec   228 MBytes  1908 Mbits/sec    0   3.22 MBytes       
[  4]  13.00-14.00  sec   228 MBytes  1908 Mbits/sec    0   3.78 MBytes       
[  4]  14.00-15.00  sec   229 MBytes  1919 Mbits/sec    0   4.41 MBytes       
[  4]  15.00-16.00  sec   228 MBytes  1908 Mbits/sec    0   5.10 MBytes       
[  4]  16.00-17.00  sec   229 MBytes  1919 Mbits/sec    0   5.85 MBytes       
[  4]  17.00-18.00  sec   228 MBytes  1908 Mbits/sec    0   6.68 MBytes       
[  4]  18.00-19.00  sec   228 MBytes  1908 Mbits/sec    0   7.58 MBytes       
[  4]  19.00-20.00  sec   229 MBytes  1919 Mbits/sec    0   7.86 MBytes       
[  4]  20.00-21.00  sec   228 MBytes  1908 Mbits/sec    0   7.86 MBytes       
[  4]  21.00-22.00  sec   229 MBytes  1919 Mbits/sec    0   7.86 MBytes       
[  4]  22.00-23.00  sec   228 MBytes  1908 Mbits/sec    0   7.86 MBytes       
[  4]  23.00-24.00  sec   228 MBytes  1908 Mbits/sec    0   7.86 MBytes       
[  4]  24.00-25.00  sec   229 MBytes  1919 Mbits/sec    0   7.86 MBytes       
[  4]  25.00-26.00  sec   228 MBytes  1908 Mbits/sec    0   7.86 MBytes       
[  4]  26.00-27.00  sec   229 MBytes  1919 Mbits/sec    0   7.86 MBytes       
[  4]  27.00-28.00  sec   228 MBytes  1908 Mbits/sec    0   7.86 MBytes       
[  4]  28.00-29.00  sec   228 MBytes  1909 Mbits/sec    0   7.86 MBytes       
[  4]  29.00-30.00  sec   229 MBytes  1919 Mbits/sec    0   7.86 MBytes       
[  4]  30.00-31.00  sec   228 MBytes  1908 Mbits/sec    0   7.86 MBytes       
[  4]  31.00-32.00  sec   229 MBytes  1919 Mbits/sec    0   7.86 MBytes       
- - - - - - - - - - - - - - - - - - - - - - - - -
[ ID] Interval           Transfer     Bandwidth       Retr
[  4]   0.00-32.00  sec  6.94 GBytes  1864 Mbits/sec    0             sender
[  4]   0.00-32.00  sec  6.94 GBytes  1863 Mbits/sec                  receiver

iperf Done.

-----------------------------------------------------------
Server listening on 5201
-----------------------------------------------------------
Accepted connection from 10.0.0.1, port 45327
[  5] local 10.0.0.2 port 5201 connected to 10.0.0.1 port 45328
[ ID] Interval           Transfer     Bandwidth
[  5]   0.00-1.00   sec  43.1 MBytes   362 Mbits/sec                  (omitted)
[  5]   1.00-2.00   sec  60.9 MBytes   511 Mbits/sec                  (omitted)
[  5]   2.00-3.00   sec  61.6 MBytes   517 Mbits/sec                  (omitted)
[  5]   3.00-4.00   sec  69.9 MBytes   587 Mbits/sec                  (omitted)
[  5]   4.00-5.00   sec   103 MBytes   865 Mbits/sec                  (omitted)
[  5]   0.00-1.00   sec   125 MBytes  1046 Mbits/sec                  
[  5]   1.00-2.00   sec   150 MBytes  1260 Mbits/sec                  
[  5]   2.00-3.00   sec   212 MBytes  1774 Mbits/sec                  
[  5]   3.00-4.00   sec   227 MBytes  1907 Mbits/sec                  
[  5]   4.00-5.00   sec   228 MBytes  1912 Mbits/sec                  
[  5]   5.00-6.00   sec   228 MBytes  1911 Mbits/sec                  
[  5]   6.00-7.00   sec   228 MBytes  1912 Mbits/sec                  
[  5]   7.00-8.00   sec   228 MBytes  1912 Mbits/sec                  
[  5]   8.00-9.00   sec   228 MBytes  1913 Mbits/sec                  
[  5]   9.00-10.00  sec   228 MBytes  1912 Mbits/sec                  
[  5]  10.00-11.00  sec   228 MBytes  1912 Mbits/sec                  
[  5]  11.00-12.00  sec   228 MBytes  1912 Mbits/sec                  
[  5]  12.00-13.00  sec   228 MBytes  1912 Mbits/sec                  
[  5]  13.00-14.00  sec   228 MBytes  1913 Mbits/sec                  
[  5]  14.00-15.00  sec   228 MBytes  1913 Mbits/sec                  
[  5]  15.00-16.00  sec   228 MBytes  1913 Mbits/sec                  
[  5]  16.00-17.00  sec   228 MBytes  1913 Mbits/sec                  
[  5]  17.00-18.00  sec   228 MBytes  1913 Mbits/sec                  
[  5]  18.00-19.00  sec   228 MBytes  1913 Mbits/sec                  
[  5]  19.00-20.00  sec   228 MBytes  1912 Mbits/sec                  
[  5]  20.00-21.00  sec   228 MBytes  1913 Mbits/sec                  
[  5]  21.00-22.00  sec   228 MBytes  1913 Mbits/sec                  
[  5]  22.00-23.00  sec   228 MBytes  1912 Mbits/sec                  
[  5]  23.00-24.00  sec   228 MBytes  1913 Mbits/sec                  
[  5]  24.00-25.00  sec   228 MBytes  1913 Mbits/sec                  
[  5]  25.00-26.00  sec   228 MBytes  1913 Mbits/sec                  
[  5]  26.00-27.00  sec   228 MBytes  1913 Mbits/sec                  
[  5]  27.00-28.00  sec   228 MBytes  1913 Mbits/sec                  
[  5]  28.00-29.00  sec   228 MBytes  1913 Mbits/sec                  
[  5]  29.00-30.00  sec   228 MBytes  1913 Mbits/sec                  
[  5]  30.00-31.00  sec   228 MBytes  1913 Mbits/sec                  
[  5]  31.00-32.00  sec   228 MBytes  1913 Mbits/sec                  
[  5]  32.00-32.05  sec  11.2 MBytes  1907 Mbits/sec                  
- - - - - - - - - - - - - - - - - - - - - - - - -
[ ID] Interval           Transfer     Bandwidth       Retr
[  5]   0.00-32.05  sec  6.94 GBytes  1861 Mbits/sec    0             sender
[  5]   0.00-32.05  sec  6.94 GBytes  1860 Mbits/sec                  receiver
iperf3: interrupt - the server has terminated

