********* Running stringBandwidthTest *********
SwitchCount	TDF	CPU	iperf Results
RTT Avg = 1.312 ms
Connecting to host 10.0.0.2, port 5201
[  4] local 10.0.0.1 port 36794 connected to 10.0.0.2 port 5201
[ ID] Interval           Transfer     Bandwidth       Retr  Cwnd
[  4]   0.00-1.00   sec  55.9 MBytes   469 Mbits/sec    4   82.0 KBytes       
[  4]   1.00-2.00   sec  60.2 MBytes   505 Mbits/sec    0   93.3 KBytes       
[  4]   2.00-3.00   sec  82.1 MBytes   689 Mbits/sec    0    117 KBytes       
[  4]   3.00-4.00   sec   113 MBytes   945 Mbits/sec    0    139 KBytes       
[  4]   4.00-5.00   sec   120 MBytes  1005 Mbits/sec    0    153 KBytes       
[  4]   5.00-6.00   sec   119 MBytes   998 Mbits/sec    0    185 KBytes       
[  4]   6.00-7.00   sec   174 MBytes  1457 Mbits/sec    0    255 KBytes       
[  4]   7.00-8.00   sec   225 MBytes  1887 Mbits/sec    0    348 KBytes       
[  4]   8.00-9.00   sec   227 MBytes  1899 Mbits/sec    0    469 KBytes       
[  4]   9.00-10.00  sec   238 MBytes  2001 Mbits/sec    0    621 KBytes       
[  4]  10.00-11.00  sec   249 MBytes  2087 Mbits/sec    0    805 KBytes       
[  4]  11.00-12.00  sec   284 MBytes  2380 Mbits/sec    0   1.01 MBytes       
[  4]  12.00-13.00  sec   311 MBytes  2611 Mbits/sec    0   1.26 MBytes       
[  4]  13.00-14.00  sec   334 MBytes  2800 Mbits/sec    0   1.56 MBytes       
[  4]  14.00-15.00  sec   312 MBytes  2621 Mbits/sec    0   1.91 MBytes       
[  4]  15.00-16.00  sec   306 MBytes  2569 Mbits/sec    0   2.30 MBytes       
[  4]  16.00-17.00  sec   342 MBytes  2873 Mbits/sec    0   2.75 MBytes       
[  4]  17.00-18.00  sec   412 MBytes  3460 Mbits/sec    0   3.26 MBytes       
[  4]  18.00-19.00  sec   361 MBytes  3030 Mbits/sec    0   3.82 MBytes       
[  4]  19.00-20.00  sec   390 MBytes  3272 Mbits/sec    0   4.45 MBytes       
[  4]  20.00-21.00  sec   400 MBytes  3355 Mbits/sec    0   5.14 MBytes       
[  4]  21.00-22.00  sec   422 MBytes  3544 Mbits/sec    0   5.90 MBytes       
[  4]  22.00-23.00  sec   450 MBytes  3775 Mbits/sec    0   6.73 MBytes       
[  4]  23.00-24.00  sec   454 MBytes  3806 Mbits/sec    0   7.64 MBytes       
[  4]  24.00-25.00  sec   455 MBytes  3817 Mbits/sec    0   8.00 MBytes       
[  4]  25.00-26.00  sec   455 MBytes  3817 Mbits/sec    0   8.00 MBytes       
[  4]  26.00-27.00  sec   455 MBytes  3817 Mbits/sec    0   8.00 MBytes       
[  4]  27.00-28.00  sec   454 MBytes  3806 Mbits/sec    0   8.00 MBytes       
[  4]  28.00-29.00  sec   452 MBytes  3796 Mbits/sec    0   8.00 MBytes       
[  4]  29.00-30.00  sec   444 MBytes  3722 Mbits/sec    0   8.00 MBytes       
- - - - - - - - - - - - - - - - - - - - - - - - -
[ ID] Interval           Transfer     Bandwidth       Retr
[  4]   0.00-30.00  sec  8.94 GBytes  2560 Mbits/sec    4             sender
[  4]   0.00-30.00  sec  8.94 GBytes  2560 Mbits/sec                  receiver

iperf Done.

-----------------------------------------------------------
Server listening on 5201
-----------------------------------------------------------
Accepted connection from 10.0.0.1, port 36793
[  5] local 10.0.0.2 port 5201 connected to 10.0.0.1 port 36794
[ ID] Interval           Transfer     Bandwidth
[  5]   0.00-1.00   sec  55.5 MBytes   465 Mbits/sec                  
[  5]   1.00-2.00   sec  60.1 MBytes   504 Mbits/sec                  
[  5]   2.00-3.00   sec  82.0 MBytes   688 Mbits/sec                  
[  5]   3.00-4.00   sec   112 MBytes   943 Mbits/sec                  
[  5]   4.00-5.00   sec   120 MBytes  1007 Mbits/sec                  
[  5]   5.00-6.00   sec   119 MBytes   996 Mbits/sec                  
[  5]   6.00-7.00   sec   174 MBytes  1460 Mbits/sec                  
[  5]   7.00-8.00   sec   226 MBytes  1894 Mbits/sec                  
[  5]   8.00-9.00   sec   232 MBytes  1944 Mbits/sec                  
[  5]   9.00-10.00  sec   244 MBytes  2043 Mbits/sec                  
[  5]  10.00-11.00  sec   250 MBytes  2101 Mbits/sec                  
[  5]  11.00-12.00  sec   291 MBytes  2438 Mbits/sec                  
[  5]  12.00-13.00  sec   321 MBytes  2694 Mbits/sec                  
[  5]  13.00-14.00  sec   332 MBytes  2785 Mbits/sec                  
[  5]  14.00-15.00  sec   309 MBytes  2589 Mbits/sec                  
[  5]  15.00-16.00  sec   309 MBytes  2590 Mbits/sec                  
[  5]  16.00-17.00  sec   357 MBytes  2993 Mbits/sec                  
[  5]  17.00-18.00  sec   413 MBytes  3466 Mbits/sec                  
[  5]  18.00-19.00  sec   374 MBytes  3140 Mbits/sec                  
[  5]  19.00-20.00  sec   399 MBytes  3346 Mbits/sec                  
[  5]  20.00-21.00  sec   403 MBytes  3382 Mbits/sec                  
[  5]  21.00-22.00  sec   446 MBytes  3739 Mbits/sec                  
[  5]  22.00-23.00  sec   489 MBytes  4097 Mbits/sec                  
[  5]  23.00-24.00  sec   487 MBytes  4089 Mbits/sec                  
[  5]  24.00-25.00  sec   477 MBytes  3998 Mbits/sec                  
[  5]  25.00-26.00  sec   499 MBytes  4182 Mbits/sec                  
[  5]  26.00-27.00  sec   479 MBytes  4017 Mbits/sec                  
[  5]  27.00-28.00  sec   469 MBytes  3932 Mbits/sec                  
[  5]  28.00-29.00  sec   456 MBytes  3824 Mbits/sec                  
[  5]  29.00-29.37  sec   174 MBytes  3900 Mbits/sec                  
- - - - - - - - - - - - - - - - - - - - - - - - -
[ ID] Interval           Transfer     Bandwidth       Retr
[  5]   0.00-29.37  sec  8.94 GBytes  2615 Mbits/sec    4             sender
[  5]   0.00-29.37  sec  8.94 GBytes  2615 Mbits/sec                  receiver
iperf3: interrupt - the server has terminated

