********* Running stringBandwidthTest *********
SwitchCount	TDF	CPU	iperf Results
RTT Avg = 1.359 ms
Connecting to host 10.0.0.2, port 5201
[  4] local 10.0.0.1 port 37307 connected to 10.0.0.2 port 5201
[ ID] Interval           Transfer     Bandwidth       Retr  Cwnd
[  4]   0.00-1.00   sec  53.6 MBytes   449 Mbits/sec    6   73.5 KBytes       
[  4]   1.00-2.00   sec  58.8 MBytes   493 Mbits/sec    0   86.3 KBytes       
[  4]   2.00-3.00   sec  63.9 MBytes   536 Mbits/sec    0    100 KBytes       
[  4]   3.00-4.00   sec  91.4 MBytes   767 Mbits/sec    0    127 KBytes       
[  4]   4.00-5.00   sec   118 MBytes   986 Mbits/sec    0    143 KBytes       
[  4]   5.00-6.00   sec   118 MBytes   989 Mbits/sec    0    175 KBytes       
[  4]   6.00-7.00   sec   159 MBytes  1332 Mbits/sec    0    246 KBytes       
[  4]   7.00-8.00   sec   204 MBytes  1710 Mbits/sec    0    341 KBytes       
[  4]   8.00-9.00   sec   214 MBytes  1799 Mbits/sec    0    462 KBytes       
[  4]   9.00-10.00  sec   224 MBytes  1875 Mbits/sec    0    618 KBytes       
[  4]  10.00-11.00  sec   235 MBytes  1971 Mbits/sec    0    805 KBytes       
[  4]  11.00-12.00  sec   274 MBytes  2296 Mbits/sec    0   1.01 MBytes       
[  4]  12.00-13.00  sec   314 MBytes  2632 Mbits/sec    0   1.10 MBytes       
[  4]  13.00-14.00  sec   301 MBytes  2527 Mbits/sec    0   1.10 MBytes       
[  4]  14.00-15.00  sec   338 MBytes  2831 Mbits/sec    0   1.11 MBytes       
[  4]  15.00-16.00  sec   352 MBytes  2957 Mbits/sec    0   1.12 MBytes       
[  4]  16.00-17.00  sec   366 MBytes  3072 Mbits/sec    0   1.15 MBytes       
[  4]  17.00-18.00  sec   388 MBytes  3251 Mbits/sec    0   1.19 MBytes       
[  4]  18.00-19.00  sec   411 MBytes  3450 Mbits/sec    0   1.26 MBytes       
[  4]  19.00-20.00  sec   432 MBytes  3628 Mbits/sec    0   1.34 MBytes       
[  4]  20.00-21.00  sec   488 MBytes  4089 Mbits/sec    0   1.45 MBytes       
[  4]  21.00-22.00  sec   505 MBytes  4237 Mbits/sec   45   1.48 MBytes       
[  4]  22.00-23.00  sec   566 MBytes  4750 Mbits/sec    0   1.48 MBytes       
[  4]  23.00-24.00  sec   590 MBytes  4949 Mbits/sec    0   1.49 MBytes       
[  4]  24.00-25.00  sec   596 MBytes  5002 Mbits/sec    0   1.50 MBytes       
[  4]  25.00-26.00  sec   696 MBytes  5841 Mbits/sec    0   1.53 MBytes       
[  4]  26.00-27.00  sec   716 MBytes  6033 Mbits/sec    0   1.58 MBytes       
[  4]  27.00-28.00  sec   724 MBytes  6046 Mbits/sec    0   1.65 MBytes       
[  4]  28.00-29.00  sec   711 MBytes  5967 Mbits/sec    0   1.74 MBytes       
[  4]  29.00-30.00  sec   738 MBytes  6187 Mbits/sec    0   1.84 MBytes       
[  4]  30.00-31.00  sec   772 MBytes  6480 Mbits/sec    0   1.84 MBytes       
[  4]  31.00-32.00  sec   731 MBytes  6135 Mbits/sec    0   1.85 MBytes       
[  4]  32.00-33.00  sec   735 MBytes  6166 Mbits/sec    0   1.86 MBytes       
[  4]  33.00-33.97  sec   736 MBytes  6380 Mbits/sec    0   1.86 MBytes       
[  4]  33.97-35.00  sec   729 MBytes  5924 Mbits/sec    0   1.87 MBytes       
[  4]  35.00-35.98  sec   718 MBytes  6122 Mbits/sec    0   1.87 MBytes       
[  4]  35.98-37.00  sec   739 MBytes  6094 Mbits/sec    0   1.88 MBytes       
[  4]  37.00-37.82  sec   606 MBytes  6235 Mbits/sec    0   1.88 MBytes       
[  4]  37.82-38.93  sec   800 MBytes  6033 Mbits/sec    0   1.89 MBytes       
[  4]  38.93-39.82  sec   668 MBytes  6263 Mbits/sec    0   1.90 MBytes       
[  4]  39.82-41.00  sec   909 MBytes  6471 Mbits/sec    0   1.91 MBytes       
[  4]  41.00-42.00  sec   762 MBytes  6396 Mbits/sec    0   1.93 MBytes       
[  4]  42.00-43.00  sec   740 MBytes  6208 Mbits/sec    0   1.97 MBytes       
[  4]  43.00-43.89  sec   680 MBytes  6411 Mbits/sec    0   2.02 MBytes       
[  4]  43.89-45.00  sec   834 MBytes  6299 Mbits/sec    0   2.11 MBytes       
- - - - - - - - - - - - - - - - - - - - - - - - -
[ ID] Interval           Transfer     Bandwidth       Retr
[  4]   0.00-45.00  sec  21.7 GBytes  4139 Mbits/sec   51             sender
[  4]   0.00-45.00  sec  20.0 GBytes  3814 Mbits/sec                  receiver

iperf Done.

-----------------------------------------------------------
Server listening on 5201
-----------------------------------------------------------
Accepted connection from 10.0.0.1, port 37306
[  5] local 10.0.0.2 port 5201 connected to 10.0.0.1 port 37307
[ ID] Interval           Transfer     Bandwidth
[  5]   0.00-1.00   sec  53.0 MBytes   444 Mbits/sec                  
[  5]   1.00-2.00   sec  58.8 MBytes   494 Mbits/sec                  
[  5]   2.00-3.00   sec  63.7 MBytes   534 Mbits/sec                  
[  5]   3.00-4.00   sec  91.6 MBytes   768 Mbits/sec                  
[  5]   4.00-5.00   sec   117 MBytes   985 Mbits/sec                  
[  5]   5.00-6.00   sec   118 MBytes   990 Mbits/sec                  
[  5]   6.00-7.00   sec   158 MBytes  1329 Mbits/sec                  
[  5]   7.00-8.00   sec   214 MBytes  1796 Mbits/sec                  
[  5]   8.00-9.00   sec   226 MBytes  1899 Mbits/sec                  
[  5]   9.00-10.00  sec   230 MBytes  1933 Mbits/sec                  
[  5]  10.00-11.00  sec   238 MBytes  1993 Mbits/sec                  
[  5]  11.00-12.00  sec   282 MBytes  2358 Mbits/sec                  
[  5]  12.00-13.00  sec   332 MBytes  2791 Mbits/sec                  
[  5]  13.00-14.00  sec   316 MBytes  2654 Mbits/sec                  
[  5]  14.00-15.00  sec   345 MBytes  2892 Mbits/sec                  
[  5]  15.00-16.00  sec   368 MBytes  3089 Mbits/sec                  
[  5]  16.00-17.00  sec   375 MBytes  3142 Mbits/sec                  
[  5]  17.00-18.00  sec   400 MBytes  3359 Mbits/sec                  
[  5]  18.00-19.00  sec   421 MBytes  3535 Mbits/sec                  
[  5]  19.00-20.00  sec   444 MBytes  3722 Mbits/sec                  
[  5]  20.00-21.00  sec   530 MBytes  4442 Mbits/sec                  
[  5]  21.00-22.00  sec   528 MBytes  4428 Mbits/sec                  
[  5]  22.00-23.00  sec   625 MBytes  5246 Mbits/sec                  
[  5]  23.00-24.00  sec   591 MBytes  4959 Mbits/sec                  
[  5]  24.00-25.00  sec   595 MBytes  4983 Mbits/sec                  
[  5]  25.00-26.00  sec   644 MBytes  5396 Mbits/sec                  
[  5]  26.00-27.00  sec   683 MBytes  5739 Mbits/sec                  
[  5]  27.00-28.00  sec   669 MBytes  5607 Mbits/sec                  
[  5]  28.00-28.40  sec   240 MBytes  5031 Mbits/sec                  
[  5]  28.40-28.92  sec   380 MBytes  6094 Mbits/sec                  
[  5]  28.92-31.00  sec  1.34 GBytes  5557 Mbits/sec                  
[  5]  31.00-32.00  sec   670 MBytes  5605 Mbits/sec                  
[  5]  32.00-33.00  sec   645 MBytes  5423 Mbits/sec                  
[  5]  33.00-34.00  sec   650 MBytes  5458 Mbits/sec                  
[  5]  34.00-35.00  sec   784 MBytes  6581 Mbits/sec                  
[  5]  35.00-36.00  sec   823 MBytes  6899 Mbits/sec                  
[  5]  36.00-37.00  sec   816 MBytes  6857 Mbits/sec                  
[  5]  37.00-38.00  sec   854 MBytes  7155 Mbits/sec                  
[  5]  38.00-39.00  sec   881 MBytes  7387 Mbits/sec                  
[  5]  39.00-40.00  sec   828 MBytes  6934 Mbits/sec                  
[  5]  40.00-41.00  sec   880 MBytes  7396 Mbits/sec                  
[  5]  41.00-41.95  sec   913 MBytes  8081 Mbits/sec                  
- - - - - - - - - - - - - - - - - - - - - - - - -
[ ID] Interval           Transfer     Bandwidth       Retr
[  5]   0.00-41.95  sec  21.7 GBytes  4440 Mbits/sec   51             sender
[  5]   0.00-41.95  sec  20.0 GBytes  4091 Mbits/sec                  receiver
iperf3: interrupt - the server has terminated

