********* Running stringBandwidthTest *********
SwitchCount	TDF	CPU	iperf Results
RTT Avg = 1.388 ms
Connecting to host 10.0.0.2, port 5201
[  4] local 10.0.0.1 port 37360 connected to 10.0.0.2 port 5201
[ ID] Interval           Transfer     Bandwidth       Retr  Cwnd
[  4]   0.00-1.00   sec  54.9 MBytes   460 Mbits/sec    4   79.2 KBytes       
[  4]   1.00-2.00   sec  58.5 MBytes   491 Mbits/sec    0   90.5 KBytes       
[  4]   2.00-3.00   sec  73.6 MBytes   617 Mbits/sec    0    110 KBytes       
[  4]   3.00-4.00   sec  98.6 MBytes   827 Mbits/sec    0    134 KBytes       
[  4]   4.00-5.00   sec   117 MBytes   978 Mbits/sec    0    148 KBytes       
[  4]   5.00-6.00   sec   117 MBytes   979 Mbits/sec    0    182 KBytes       
[  4]   6.00-7.00   sec   165 MBytes  1388 Mbits/sec    0    253 KBytes       
[  4]   7.00-8.00   sec   211 MBytes  1766 Mbits/sec    0    348 KBytes       
[  4]   8.00-9.00   sec   207 MBytes  1735 Mbits/sec    0    471 KBytes       
[  4]   9.00-10.00  sec   215 MBytes  1805 Mbits/sec    0    624 KBytes       
[  4]  10.00-11.00  sec   259 MBytes  2170 Mbits/sec    0    812 KBytes       
[  4]  11.00-12.00  sec   285 MBytes  2391 Mbits/sec    0   1.01 MBytes       
[  4]  12.00-13.00  sec   289 MBytes  2422 Mbits/sec    0   1.27 MBytes       
[  4]  13.00-13.98  sec   319 MBytes  2719 Mbits/sec   32   1.55 MBytes       
[  4]  13.98-15.00  sec   402 MBytes  3321 Mbits/sec    0   1.56 MBytes       
[  4]  15.00-16.00  sec   359 MBytes  3009 Mbits/sec    0   1.56 MBytes       
[  4]  16.00-17.00  sec   375 MBytes  3140 Mbits/sec    0   1.57 MBytes       
[  4]  17.00-18.00  sec   394 MBytes  3309 Mbits/sec  450    802 KBytes       
[  4]  18.00-19.00  sec   371 MBytes  3114 Mbits/sec    0    867 KBytes       
[  4]  19.00-20.00  sec   401 MBytes  3366 Mbits/sec    0    912 KBytes       
[  4]  20.00-21.00  sec   460 MBytes  3858 Mbits/sec    0    943 KBytes       
[  4]  21.00-22.00  sec   490 MBytes  4111 Mbits/sec    0    960 KBytes       
[  4]  22.00-23.00  sec   605 MBytes  5075 Mbits/sec    0    969 KBytes       
[  4]  23.00-24.00  sec   615 MBytes  5159 Mbits/sec    0    976 KBytes       
[  4]  24.00-25.00  sec   614 MBytes  5148 Mbits/sec    0    981 KBytes       
[  4]  25.00-26.00  sec   629 MBytes  5275 Mbits/sec    0    988 KBytes       
[  4]  26.00-26.83  sec   521 MBytes  5290 Mbits/sec    0    994 KBytes       
[  4]  26.83-27.85  sec   618 MBytes  5080 Mbits/sec    0   1000 KBytes       
[  4]  27.85-29.00  sec   679 MBytes  4935 Mbits/sec    0   1011 KBytes       
[  4]  29.00-30.00  sec   588 MBytes  4928 Mbits/sec    0   1020 KBytes       
[  4]  30.00-30.92  sec   558 MBytes  5102 Mbits/sec    0   1.01 MBytes       
[  4]  30.92-32.00  sec   698 MBytes  5401 Mbits/sec    0   1.01 MBytes       
[  4]  32.00-33.00  sec   601 MBytes  5043 Mbits/sec    0   1.02 MBytes       
[  4]  33.00-34.00  sec   522 MBytes  4383 Mbits/sec    0   1.03 MBytes       
[  4]  34.00-35.00  sec   621 MBytes  5212 Mbits/sec    0   1.04 MBytes       
[  4]  35.00-36.00  sec   642 MBytes  5390 Mbits/sec    0   1.06 MBytes       
[  4]  36.00-37.00  sec   645 MBytes  5411 Mbits/sec    0   1.11 MBytes       
[  4]  37.00-37.79  sec   530 MBytes  5601 Mbits/sec    0   1.15 MBytes       
[  4]  37.79-39.00  sec   835 MBytes  5807 Mbits/sec    0   1.20 MBytes       
[  4]  39.00-40.00  sec   678 MBytes  5683 Mbits/sec    0   1.21 MBytes       
[  4]  40.00-41.00  sec   705 MBytes  5907 Mbits/sec    0   1.22 MBytes       
[  4]  41.00-42.00  sec   715 MBytes  6005 Mbits/sec    0   1.23 MBytes       
[  4]  42.00-43.00  sec   695 MBytes  5830 Mbits/sec    0   1.24 MBytes       
[  4]  43.00-43.70  sec   479 MBytes  5749 Mbits/sec    0   1.25 MBytes       
[  4]  43.70-45.00  sec   944 MBytes  6083 Mbits/sec    0   1.26 MBytes       
- - - - - - - - - - - - - - - - - - - - - - - - -
[ ID] Interval           Transfer     Bandwidth       Retr
[  4]   0.00-45.00  sec  20.0 GBytes  3813 Mbits/sec  486             sender
[  4]   0.00-45.00  sec  19.5 GBytes  3729 Mbits/sec                  receiver

iperf Done.

-----------------------------------------------------------
Server listening on 5201
-----------------------------------------------------------
Accepted connection from 10.0.0.1, port 37359
[  5] local 10.0.0.2 port 5201 connected to 10.0.0.1 port 37360
[ ID] Interval           Transfer     Bandwidth
[  5]   0.00-1.00   sec  54.4 MBytes   456 Mbits/sec                  
[  5]   1.00-2.00   sec  58.5 MBytes   491 Mbits/sec                  
[  5]   2.00-3.00   sec  73.4 MBytes   616 Mbits/sec                  
[  5]   3.00-4.00   sec  98.6 MBytes   827 Mbits/sec                  
[  5]   4.00-5.00   sec   117 MBytes   977 Mbits/sec                  
[  5]   5.00-6.00   sec   117 MBytes   980 Mbits/sec                  
[  5]   6.00-7.00   sec   165 MBytes  1387 Mbits/sec                  
[  5]   7.00-8.00   sec   211 MBytes  1767 Mbits/sec                  
[  5]   8.00-9.00   sec   212 MBytes  1781 Mbits/sec                  
[  5]   9.00-10.00  sec   217 MBytes  1818 Mbits/sec                  
[  5]  10.00-11.00  sec   266 MBytes  2233 Mbits/sec                  
[  5]  11.00-12.00  sec   290 MBytes  2434 Mbits/sec                  
[  5]  12.00-13.00  sec   293 MBytes  2460 Mbits/sec                  
[  5]  13.00-14.00  sec   334 MBytes  2801 Mbits/sec                  
[  5]  14.00-15.00  sec   419 MBytes  3521 Mbits/sec                  
[  5]  15.00-16.00  sec   363 MBytes  3043 Mbits/sec                  
[  5]  16.00-17.00  sec   372 MBytes  3116 Mbits/sec                  
[  5]  17.00-18.00  sec   421 MBytes  3534 Mbits/sec                  
[  5]  18.00-19.00  sec   369 MBytes  3094 Mbits/sec                  
[  5]  19.00-20.00  sec   447 MBytes  3742 Mbits/sec                  
[  5]  20.00-21.00  sec   470 MBytes  3951 Mbits/sec                  
[  5]  21.00-22.00  sec   578 MBytes  4848 Mbits/sec                  
[  5]  22.00-23.00  sec   620 MBytes  5197 Mbits/sec                  
[  5]  23.00-24.00  sec   690 MBytes  5787 Mbits/sec                  
[  5]  24.00-25.00  sec   649 MBytes  5447 Mbits/sec                  
[  5]  25.00-26.00  sec   635 MBytes  5323 Mbits/sec                  
[  5]  26.00-27.00  sec   760 MBytes  6372 Mbits/sec                  
[  5]  27.00-28.00  sec   770 MBytes  6474 Mbits/sec                  
[  5]  28.00-29.00  sec   800 MBytes  6692 Mbits/sec                  
[  5]  29.00-29.07  sec  37.8 MBytes  4940 Mbits/sec                  
[  5]  29.07-31.00  sec  1.43 GBytes  6360 Mbits/sec                  
[  5]  31.00-32.00  sec   537 MBytes  4505 Mbits/sec                  
[  5]  32.00-33.00  sec   655 MBytes  5489 Mbits/sec                  
[  5]  33.00-34.00  sec   660 MBytes  5543 Mbits/sec                  
[  5]  34.00-35.00  sec   715 MBytes  5998 Mbits/sec                  
[  5]  35.00-36.00  sec   773 MBytes  6489 Mbits/sec                  
[  5]  36.00-36.78  sec   482 MBytes  5200 Mbits/sec                  
[  5]  36.78-36.78  sec  0.00 Bytes  0.00 Mbits/sec                  
[  5]  36.78-36.78  sec  0.00 Bytes  0.00 Mbits/sec                  
[  5]  36.78-37.30  sec   432 MBytes  6923 Mbits/sec                  
[  5]  37.30-41.00  sec  2.87 GBytes  6668 Mbits/sec                  
[  5]  41.00-41.69  sec   440 MBytes  5339 Mbits/sec                  
- - - - - - - - - - - - - - - - - - - - - - - - -
[ ID] Interval           Transfer     Bandwidth       Retr
[  5]   0.00-41.69  sec  20.0 GBytes  4116 Mbits/sec  486             sender
[  5]   0.00-41.69  sec  19.5 GBytes  4026 Mbits/sec                  receiver
iperf3: interrupt - the server has terminated

